This is XeTeX, Version 3.141592653-2.6-0.999998 (TeX Live 2026) (preloaded format=xelatex 2026.5.1)  1 MAY 2026 23:46
entering extended mode
 restricted \write18 enabled.
 file:line:error style messages enabled.
 %&-line parsing enabled.
**d:/Shoppe_Doc/main
(d:/Shoppe_Doc/main.tex
LaTeX2e <2025-11-01>
L3 programming layer <2026-03-20>
(./uet-awesome-thesis.cls
Document Class: uet-awesome-thesis 2021/12/28 University of Engineering and Technology Thesis Class
(c:/texlive/2026/texmf-dist/tex/latex/base/book.cls
Document Class: book 2025/01/22 v1.4n Standard LaTeX document class
(c:/texlive/2026/texmf-dist/tex/latex/base/bk10.clo
File: bk10.clo 2025/01/22 v1.4n Standard LaTeX file (size option)
)
\c@part=\count271
\c@chapter=\count272
\c@section=\count273
\c@subsection=\count274
\c@subsubsection=\count275
\c@paragraph=\count276
\c@subparagraph=\count277
\c@figure=\count278
\c@table=\count279
\abovecaptionskip=\skip49
\belowcaptionskip=\skip50
\bibindent=\dimen150
) (c:/texlive/2026/texmf-dist/tex/latex/koma-script/scrextend.sty
Package: scrextend 2026/02/02 v3.49.2 KOMA-Script package (extend other classes with features of KOMA-Script classes)
 (c:/texlive/2026/texmf-dist/tex/latex/koma-script/scrkbase.sty
Package: scrkbase 2026/02/02 v3.49.2 KOMA-Script package (KOMA-Script-dependent basics and keyval usage)
 (c:/texlive/2026/texmf-dist/tex/latex/koma-script/scrbase.sty
Package: scrbase 2026/02/02 v3.49.2 KOMA-Script package (KOMA-Script-independent basics and keyval usage)
 (c:/texlive/2026/texmf-dist/tex/latex/koma-script/scrlfile.sty
Package: scrlfile 2026/02/02 v3.49.2 KOMA-Script package (file load hooks)
 (c:/texlive/2026/texmf-dist/tex/latex/koma-script/scrlfile-hook.sty
Package: scrlfile-hook 2026/02/02 v3.49.2 KOMA-Script package (using LaTeX hooks)
 (c:/texlive/2026/texmf-dist/tex/latex/koma-script/scrlogo.sty
Package: scrlogo 2026/02/02 v3.49.2 KOMA-Script package (logo)
))) (c:/texlive/2026/texmf-dist/tex/latex/graphics/keyval.sty
Package: keyval 2022/05/29 v1.15 key=value parser (DPC)
\KV@toks@=\toks17
)
Applying: [2021/05/01] Usage of raw or classic option list on input line 254.
Already applied: [0000/00/00] Usage of raw or classic option list on input line 370.
))) (c:/texlive/2026/texmf-dist/tex/latex/graphics/graphicx.sty
Package: graphicx 2024/12/31 v1.2e Enhanced LaTeX Graphics (DPC,SPQR)
 (c:/texlive/2026/texmf-dist/tex/latex/graphics/graphics.sty
Package: graphics 2024/08/06 v1.4g Standard LaTeX Graphics (DPC,SPQR)
 (c:/texlive/2026/texmf-dist/tex/latex/graphics/trig.sty
Package: trig 2023/12/02 v1.11 sin cos tan (DPC)
) (c:/texlive/2026/texmf-dist/tex/latex/graphics-cfg/graphics.cfg
File: graphics.cfg 2016/06/04 v1.11 sample graphics configuration
)
Package graphics Info: Driver file: xetex.def on input line 106.
 (c:/texlive/2026/texmf-dist/tex/latex/graphics-def/xetex.def
File: xetex.def 2025/11/01 v5.0p Graphics/color driver for xetex
))
\Gin@req@height=\dimen151
\Gin@req@width=\dimen152
) (c:/texlive/2026/texmf-dist/tex/latex/hyperref/hyperref.sty
Package: hyperref 2026-04-24 v7.01q Hypertext links for LaTeX
 (c:/texlive/2026/texmf-dist/tex/generic/iftex/iftex.sty
Package: iftex 2024/12/12 v1.0g TeX engine tests
) (c:/texlive/2026/texmf-dist/tex/latex/kvsetkeys/kvsetkeys.sty
Package: kvsetkeys 2022-10-05 v1.19 Key value parser (HO)
) (c:/texlive/2026/texmf-dist/tex/generic/kvdefinekeys/kvdefinekeys.sty
Package: kvdefinekeys 2019-12-19 v1.6 Define keys (HO)
) (c:/texlive/2026/texmf-dist/tex/generic/pdfescape/pdfescape.sty
Package: pdfescape 2019/12/09 v1.15 Implements pdfTeX's escape features (HO)
 (c:/texlive/2026/texmf-dist/tex/generic/ltxcmds/ltxcmds.sty
Package: ltxcmds 2023-12-04 v1.26 LaTeX kernel commands for general use (HO)
) (c:/texlive/2026/texmf-dist/tex/generic/pdftexcmds/pdftexcmds.sty
Package: pdftexcmds 2020-06-27 v0.33 Utility functions of pdfTeX for LuaTeX (HO)
 (c:/texlive/2026/texmf-dist/tex/generic/infwarerr/infwarerr.sty
Package: infwarerr 2019/12/03 v1.5 Providing info/warning/error messages (HO)
)
Package pdftexcmds Info: \pdf@primitive is available.
Package pdftexcmds Info: \pdf@ifprimitive is available.
Package pdftexcmds Info: \pdfdraftmode not found.
)) (c:/texlive/2026/texmf-dist/tex/latex/hycolor/hycolor.sty
Package: hycolor 2020-01-27 v1.10 Color options for hyperref/bookmark (HO)
) (c:/texlive/2026/texmf-dist/tex/latex/hyperref/nameref.sty
Package: nameref 2026-01-29 v2.58 Cross-referencing by name of section
 (c:/texlive/2026/texmf-dist/tex/latex/refcount/refcount.sty
Package: refcount 2019/12/15 v3.6 Data extraction from label references (HO)
) (c:/texlive/2026/texmf-dist/tex/generic/gettitlestring/gettitlestring.sty
Package: gettitlestring 2019/12/15 v1.6 Cleanup title references (HO)
 (c:/texlive/2026/texmf-dist/tex/latex/kvoptions/kvoptions.sty
Package: kvoptions 2022-06-15 v3.15 Key value format for package options (HO)
))
\c@section@level=\count280
) (c:/texlive/2026/texmf-dist/tex/latex/etoolbox/etoolbox.sty
Package: etoolbox 2025/10/02 v2.5m e-TeX tools for LaTeX (JAW)
\etb@tempcnta=\count281
) (c:/texlive/2026/texmf-dist/tex/generic/stringenc/stringenc.sty
Package: stringenc 2019/11/29 v1.12 Convert strings between diff. encodings (HO)
)
\@linkdim=\dimen153
\Hy@linkcounter=\count282
\Hy@pagecounter=\count283
 (c:/texlive/2026/texmf-dist/tex/latex/hyperref/pd1enc.def
File: pd1enc.def 2026-04-24 v7.01q Hyperref: PDFDocEncoding definition (HO)
) (c:/texlive/2026/texmf-dist/tex/generic/intcalc/intcalc.sty
Package: intcalc 2019/12/15 v1.3 Expandable calculations with integers (HO)
)
\Hy@SavedSpaceFactor=\count284
 (c:/texlive/2026/texmf-dist/tex/latex/hyperref/puenc.def
File: puenc.def 2026-04-24 v7.01q Hyperref: PDF Unicode definition (HO)
)
Package hyperref Info: Hyper figures OFF on input line 4199.
Package hyperref Info: Link nesting OFF on input line 4204.
Package hyperref Info: Hyper index ON on input line 4207.
Package hyperref Info: Plain pages OFF on input line 4214.
Package hyperref Info: Backreferencing OFF on input line 4219.
Package hyperref Info: Implicit mode ON; LaTeX internals redefined.
Package hyperref Info: Bookmarks ON on input line 4466.
\c@Hy@tempcnt=\count285
 (c:/texlive/2026/texmf-dist/tex/latex/url/url.sty
\Urlmuskip=\muskip17
Package: url 2013/09/16  ver 3.4  Verb mode for urls, etc.
)
LaTeX Info: Redefining \url on input line 4805.
\XeTeXLinkMargin=\dimen154
 (c:/texlive/2026/texmf-dist/tex/generic/bitset/bitset.sty
Package: bitset 2019/12/09 v1.3 Handle bit-vector datatype (HO)
 (c:/texlive/2026/texmf-dist/tex/generic/bigintcalc/bigintcalc.sty
Package: bigintcalc 2019/12/15 v1.5 Expandable calculations on big integers (HO)
))
\Fld@menulength=\count286
\Field@Width=\dimen155
\Fld@charsize=\dimen156
Package hyperref Info: Hyper figures OFF on input line 6091.
Package hyperref Info: Link nesting OFF on input line 6096.
Package hyperref Info: Hyper index ON on input line 6099.
Package hyperref Info: backreferencing OFF on input line 6106.
Package hyperref Info: Link coloring OFF on input line 6111.
Package hyperref Info: Link coloring with OCG OFF on input line 6116.
Package hyperref Info: PDF/A mode OFF on input line 6121.
\Hy@abspage=\count287
\c@Item=\count288
\c@Hfootnote=\count289
)
Package hyperref Info: Driver (autodetected): hxetex.
 (c:/texlive/2026/texmf-dist/tex/latex/hyperref/hxetex.def
File: hxetex.def 2026-04-24 v7.01q Hyperref driver for XeTeX
\pdfm@box=\box53
\c@Hy@AnnotLevel=\count290
\HyField@AnnotCount=\count291
\Fld@listcount=\count292
\c@bookmark@seq@number=\count293
 (c:/texlive/2026/texmf-dist/tex/latex/rerunfilecheck/rerunfilecheck.sty
Package: rerunfilecheck 2025-06-21 v1.11 Rerun checks for auxiliary files (HO)
 (c:/texlive/2026/texmf-dist/tex/generic/uniquecounter/uniquecounter.sty
Package: uniquecounter 2019/12/15 v1.4 Provide unlimited unique counter (HO)
)
Package uniquecounter Info: New unique counter `rerunfilecheck' on input line 284.
)
\Hy@SectionHShift=\skip51
) (c:/texlive/2026/texmf-dist/tex/latex/glossaries/base/glossaries.sty
Package: glossaries 2026/04/21 v5.1 (NLCT)
 (c:/texlive/2026/texmf-dist/tex/latex/base/ifthen.sty
Package: ifthen 2024/03/16 v1.1e Standard LaTeX ifthen package (DPC)
) (c:/texlive/2026/texmf-dist/tex/latex/xkeyval/xkeyval.sty
Package: xkeyval 2025/11/04 v2.10 package option processing (HA)
 (c:/texlive/2026/texmf-dist/tex/generic/xkeyval/xkeyval.tex (c:/texlive/2026/texmf-dist/tex/generic/xkeyval/xkvutils.tex
\XKV@toks=\toks18
\XKV@tempa@toks=\toks19
\XKV@tempb@toks=\toks20
)
\XKV@depth=\count294
File: xkeyval.tex 2014/12/03 v2.7a key=value parser (HA)
)) (c:/texlive/2026/texmf-dist/tex/latex/mfirstuc/mfirstuc.sty
Package: mfirstuc 2025/04/03 v2.09 (NLCT)
\@glsmfirst=\toks21
\@glsmrest=\toks22
) (c:/texlive/2026/texmf-dist/tex/latex/xfor/xfor.sty
Package: xfor 2009/02/05 v1.05 (NLCT)
) (c:/texlive/2026/texmf-dist/tex/latex/amsmath/amsgen.sty
File: amsgen.sty 1999/11/30 v2.0 generic functions
\@emptytoks=\toks23
\ex@=\dimen157
) (c:/texlive/2026/texmf-dist/tex/latex/datatool/datatool-base.sty
Package: datatool-base 2025/12/04 v3.4.3 (NLCT)
 (c:/texlive/2026/texmf-dist/tex/latex/amsmath/amsmath.sty
Package: amsmath 2025/07/09 v2.17z AMS math features
\@mathmargin=\skip52

For additional information on amsmath, use the `?' option.
(c:/texlive/2026/texmf-dist/tex/latex/amsmath/amstext.sty
Package: amstext 2024/11/17 v2.01 AMS text
) (c:/texlive/2026/texmf-dist/tex/latex/amsmath/amsbsy.sty
Package: amsbsy 1999/11/29 v1.2d Bold Symbols
\pmbraise@=\dimen158
) (c:/texlive/2026/texmf-dist/tex/latex/amsmath/amsopn.sty
Package: amsopn 2022/04/08 v2.04 operator names
)
\inf@bad=\count295
LaTeX Info: Redefining \frac on input line 233.
\uproot@=\count296
\leftroot@=\count297
LaTeX Info: Redefining \overline on input line 398.
LaTeX Info: Redefining \colon on input line 409.
\classnum@=\count298
\DOTSCASE@=\count299
LaTeX Info: Redefining \ldots on input line 495.
LaTeX Info: Redefining \dots on input line 498.
LaTeX Info: Redefining \cdots on input line 619.
\Mathstrutbox@=\box54
\strutbox@=\box55
LaTeX Info: Redefining \big on input line 721.
LaTeX Info: Redefining \Big on input line 722.
LaTeX Info: Redefining \bigg on input line 723.
LaTeX Info: Redefining \Bigg on input line 724.
\big@size=\dimen159
LaTeX Font Info:    Redeclaring font encoding OML on input line 742.
LaTeX Font Info:    Redeclaring font encoding OMS on input line 743.
\macc@depth=\count300
LaTeX Info: Redefining \bmod on input line 904.
LaTeX Info: Redefining \pmod on input line 909.
LaTeX Info: Redefining \smash on input line 939.
LaTeX Info: Redefining \relbar on input line 969.
LaTeX Info: Redefining \Relbar on input line 970.
\c@MaxMatrixCols=\count301
\dotsspace@=\muskip18
\c@parentequation=\count302
\dspbrk@lvl=\count303
\tag@help=\toks24
\row@=\count304
\column@=\count305
\maxfields@=\count306
\andhelp@=\toks25
\eqnshift@=\dimen160
\alignsep@=\dimen161
\tagshift@=\dimen162
\tagwidth@=\dimen163
\totwidth@=\dimen164
\lineht@=\dimen165
\@envbody=\toks26
\multlinegap=\skip53
\multlinetaggap=\skip54
\mathdisplay@stack=\toks27
LaTeX Info: Redefining \[ on input line 2950.
LaTeX Info: Redefining \] on input line 2951.
) (c:/texlive/2026/texmf-dist/tex/latex/tracklang/tracklang.sty
Package: tracklang 2025/03/11 v1.6.6 (NLCT) Track Languages
 (c:/texlive/2026/texmf-dist/tex/generic/tracklang/tracklang.tex))
\l__datatool_tmpa_int=\count307
\l__datatool_tmpb_int=\count308
\l__datatool_tmpc_int=\count309
\l__datatool_tmpd_int=\count310
\l__datatool_count_int=\count311
\l__datatool_tmp_datatype_int=\count312
\l__datatool_tmpa_dim=\dimen166
\l__datatool_tmpb_dim=\dimen167
 (c:/texlive/2026/texmf-dist/tex/latex/datatool/datatool-l3fp.def
File: datatool-l3fp.def 2025/12/04 v3.4.3 (NLCT)
)
\@dtl@toks=\toks28
\@dtl@tmpcount=\count313
\dtl@tmplength=\skip55
\l__datatool_measure_box=\box56
\dtl@sortresult=\count314
 (c:/texlive/2026/texmf-dist/tex/latex/datatool/datatool-utf8.ldf
File: datatool-utf8.ldf 2025/12/04 v3.4.3 (NLCT)
)
\@dtl@datatype=\count315
\c_datatool_unknown_int=\count316
\l__datatool_year_int=\count317
\l__datatool_month_int=\count318
\l__datatool_day_int=\count319
\l__datatool_hour_int=\count320
\l__datatool_minute_int=\count321
\l__datatool_second_int=\count322
\l__datatool_tzhour_int=\count323
\l__datatool_tzminute_int=\count324
\l__datatool_julian_int=\count325
\l__datatool_local_julian_int=\count326
\l__datatool_prefix_int=\count327
\l__datatool_suffix_int=\count328
\@dtl@foreach@level=\count329
\dtl@codeA=\count330
\dtl@codeB=\count331
)
\gls@level=\count332
\@gls@tmpb=\toks29
\gls@tmplen=\skip56
\l__glossaries_tmpa_dim=\dimen168
\l__glossaries_tmpb_dim=\dimen169
\glskeylisttok=\toks30
\glslabeltok=\toks31
\glsshorttok=\toks32
\glslongtok=\toks33
 (c:/texlive/2026/texmf-dist/tex/latex/glossaries/styles/glossary-hypernav.sty
Package: glossary-hypernav 2026/04/21 v5.1 (NLCT)
) (c:/texlive/2026/texmf-dist/tex/latex/glossaries/styles/glossary-list.sty
Package: glossary-list 2026/04/21 v5.1 (NLCT)
\glslistdottedwidth=\skip57
) (c:/texlive/2026/texmf-dist/tex/latex/glossaries/styles/glossary-long.sty
Package: glossary-long 2026/04/21 v5.1 (NLCT)
 (c:/texlive/2026/texmf-dist/tex/latex/tools/longtable.sty
Package: longtable 2025-10-13 v4.24 Multi-page Table package (DPC)
\LTleft=\skip58
\LTright=\skip59
\LTpre=\skip60
\LTpost=\skip61
\LTchunksize=\count333
\LTcapwidth=\dimen170
\LT@head=\box57
\LT@firsthead=\box58
\LT@foot=\box59
\LT@lastfoot=\box60
\LT@gbox=\box61
\LT@cols=\count334
\LT@rows=\count335
\c@LT@tables=\count336
\c@LT@chunks=\count337
\LT@p@ftn=\toks34
)
\glsdescwidth=\skip62
\glspagelistwidth=\skip63
) (c:/texlive/2026/texmf-dist/tex/latex/glossaries/styles/glossary-super.sty
Package: glossary-super 2026/04/21 v5.1 (NLCT)
 (c:/texlive/2026/texmf-dist/tex/latex/supertabular/supertabular.sty
Package: supertabular 2025/06/26 v4.2d the supertabular environment
\c@tracingst=\count338
\ST@wd=\dimen171
\ST@rightskip=\skip64
\ST@leftskip=\skip65
\ST@parfillskip=\skip66
\ST@pageleft=\dimen172
\ST@headht=\dimen173
\ST@tailht=\dimen174
\ST@pagesofar=\dimen175
\ST@pboxht=\dimen176
\ST@rowht=\dimen177
\ST@prevht=\dimen178
\ST@toadd=\dimen179
\ST@dimen=\dimen180
\ST@pbox=\box62
)) (c:/texlive/2026/texmf-dist/tex/latex/glossaries/styles/glossary-tree.sty
Package: glossary-tree 2026/04/21 v5.1 (NLCT)
\l__glossaries_tree_max_known_level_int=\count339
\l__glossaries_tree_offset_dim=\dimen181
\l__glossaries_tree_namewidth_dim=\dimen182
\l__glossaries_tree_symbolwidth_dim=\dimen183
\l__glossaries_tree_prenamesym_width_dim=\dimen184
\l__glossaries_tree_presubnamesym_width_dim=\dimen185
\l__glossaries_tree_namewidth_padding_dim=\dimen186
\l__glossaries_tree_symbolwidth_padding_dim=\dimen187
\l__glossaries_tree_namesymbolwidth_dim=\dimen188
\l__glossaries_tree_namesymbolwidth_padding_dim=\dimen189
\l__glossaries_tree_level_int=\count340
\glstreeindent=\skip67
)) (c:/texlive/2026/texmf-dist/tex/latex/glossaries/styles/glossary-mcols.sty
Package: glossary-mcols 2026/04/21 v5.1 (NLCT)
 (c:/texlive/2026/texmf-dist/tex/latex/tools/multicol.sty
Package: multicol 2025/10/21 v2.0b multicolumn formatting (FMi)
\c@tracingmulticols=\count341
\mult@box=\box63
\multicol@leftmargin=\dimen190
\c@unbalance=\count342
\c@collectmore=\count343
\doublecol@number=\count344
\multicoltolerance=\count345
\multicolpretolerance=\count346
\full@width=\dimen191
\page@free=\dimen192
\premulticols=\dimen193
\postmulticols=\dimen194
\multicolsep=\skip68
\multicolbaselineskip=\skip69
\partial@page=\box64
\last@line=\box65
\mc@boxedresult=\box66
\maxbalancingoverflow=\dimen195
\mult@rightbox=\box67
\mult@grightbox=\box68
\mult@firstbox=\box69
\mult@gfirstbox=\box70
\@tempa=\box71
\@tempa=\box72
\@tempa=\box73
\@tempa=\box74
\@tempa=\box75
\@tempa=\box76
\@tempa=\box77
\@tempa=\box78
\@tempa=\box79
\@tempa=\box80
\@tempa=\box81
\@tempa=\box82
\@tempa=\box83
\@tempa=\box84
\@tempa=\box85
\@tempa=\box86
\@tempa=\box87
\@tempa=\box88
\@tempa=\box89
\@tempa=\box90
\@tempa=\box91
\@tempa=\box92
\@tempa=\box93
\@tempa=\box94
\@tempa=\box95
\@tempa=\box96
\@tempa=\box97
\@tempa=\box98
\@tempa=\box99
\@tempa=\box100
\@tempa=\box101
\@tempa=\box102
\@tempa=\box103
\@tempa=\box104
\@tempa=\box105
\@tempa=\box106
\c@minrows=\count347
\c@columnbadness=\count348
\c@finalcolumnbadness=\count349
\last@try=\dimen196
\multicolovershoot=\dimen197
\multicolundershoot=\dimen198
\mult@nat@firstbox=\box107
\colbreak@box=\box108
\mc@col@check@num=\count350
\g__mc_curr_col_int=\count351
)
\l__glossaries_mcols_columns_int=\count352
) (c:/texlive/2026/texmf-dist/tex/latex/here/here.sty) (c:/texlive/2026/texmf-dist/tex/latex/float/float.sty
Package: float 2001/11/08 v1.3d Float enhancements (AL)
\c@float@type=\count353
\float@exts=\toks35
\float@box=\box109
\@float@everytoks=\toks36
\@floatcapt=\box110
) (c:/texlive/2026/texmf-dist/tex/latex/appendix/appendix.sty
Package: appendix 2020/02/08 v1.2c extra appendix facilities
\c@@pps=\count354
\c@@ppsavesec=\count355
\c@@ppsaveapp=\count356
) (c:/texlive/2026/texmf-dist/tex/latex/amsfonts/amssymb.sty
Package: amssymb 2013/01/14 v3.01 AMS font symbols
 (c:/texlive/2026/texmf-dist/tex/latex/amsfonts/amsfonts.sty
Package: amsfonts 2013/01/14 v3.01 Basic AMSFonts support
\symAMSa=\mathgroup4
\symAMSb=\mathgroup5
LaTeX Font Info:    Redeclaring math symbol \hbar on input line 98.
LaTeX Font Info:    Overwriting math alphabet `\mathfrak' in version `bold'
(Font)                  U/euf/m/n --> U/euf/b/n on input line 106.
)) (c:/texlive/2026/texmf-dist/tex/latex/mathtools/mathtools.sty
Package: mathtools 2024/10/04 v1.31 mathematical typesetting tools
 (c:/texlive/2026/texmf-dist/tex/latex/tools/calc.sty
Package: calc 2025/03/01 v4.3b Infix arithmetic (KKT,FJ)
\calc@Acount=\count357
\calc@Bcount=\count358
\calc@Adimen=\dimen199
\calc@Bdimen=\dimen256
\calc@Askip=\skip70
\calc@Bskip=\skip71
LaTeX Info: Redefining \setlength on input line 86.
LaTeX Info: Redefining \addtolength on input line 87.
\calc@Ccount=\count359
\calc@Cskip=\skip72
) (c:/texlive/2026/texmf-dist/tex/latex/mathtools/mhsetup.sty
Package: mhsetup 2021/03/18 v1.4 programming setup (MH)
)
\g_MT_multlinerow_int=\count360
\l_MT_multwidth_dim=\dimen257
\origjot=\skip73
\l_MT_shortvdotswithinadjustabove_dim=\dimen258
\l_MT_shortvdotswithinadjustbelow_dim=\dimen259
\l_MT_above_intertext_sep=\dimen260
\l_MT_below_intertext_sep=\dimen261
\l_MT_above_shortintertext_sep=\dimen262
\l_MT_below_shortintertext_sep=\dimen263
\xmathstrut@box=\box111
\xmathstrut@dim=\dimen264
) (c:/texlive/2026/texmf-dist/tex/xelatex/mathspec/mathspec.sty
Package: mathspec 2016/12/22 v0.2b LaTeX Package (Mathematics font selection for XeLaTeX)
 (c:/texlive/2026/texmf-dist/tex/generic/iftex/ifxetex.sty
Package: ifxetex 2019/10/25 v0.7 ifxetex legacy package. Use iftex instead.
) (c:/texlive/2026/texmf-dist/tex/latex/fontspec/fontspec.sty (c:/texlive/2026/texmf-dist/tex/latex/l3packages/xparse/xparse.sty (c:/texlive/2026/texmf-dist/tex/latex/l3kernel/expl3.sty
Package: expl3 2026-03-20 L3 programming layer (loader) 
 (c:/texlive/2026/texmf-dist/tex/latex/l3backend/l3backend-xetex.def
File: l3backend-xetex.def 2026-02-18 L3 backend support: XeTeX
\g__graphics_track_int=\count361
\g__pdfannot_backend_int=\count362
\g__pdfannot_backend_link_int=\count363
))
Package: xparse 2025-10-09 L3 Experimental document command parser
)
Package: fontspec 2025/09/29 v2.9g Font selection for XeLaTeX and LuaLaTeX
 (c:/texlive/2026/texmf-dist/tex/latex/fontspec/fontspec-xetex.sty
Package: fontspec-xetex 2025/09/29 v2.9g Font selection for XeLaTeX and LuaLaTeX
\l__fontspec_script_int=\count364
\l__fontspec_language_int=\count365
\l__fontspec_strnum_int=\count366
\l__fontspec_tmp_int=\count367
\l__fontspec_tmpa_int=\count368
\l__fontspec_tmpb_int=\count369
\l__fontspec_tmpc_int=\count370
\l__fontspec_em_int=\count371
\l__fontspec_emdef_int=\count372
\l__fontspec_strong_int=\count373
\l__fontspec_strongdef_int=\count374
\l__fontspec_tmpa_dim=\dimen265
\l__fontspec_tmpb_dim=\dimen266
\l__fontspec_tmpc_dim=\dimen267
 (c:/texlive/2026/texmf-dist/tex/latex/base/fontenc.sty
Package: fontenc 2025/07/18 v2.1d Standard LaTeX package
) (c:/texlive/2026/texmf-dist/tex/latex/fontspec/fontspec.cfg)))
\c@eu@=\count375
\c@eu@i=\count376
\c@mkern=\count377
) (c:/texlive/2026/texmf-dist/tex/latex/natbib/natbib.sty
Package: natbib 2010/09/13 8.31b (PWD, AO)
\bibhang=\skip74
\bibsep=\skip75
LaTeX Info: Redefining \cite on input line 694.
\c@NAT@ctr=\count378
) (c:/texlive/2026/texmf-dist/tex/latex/titlesec/titlesec.sty
Package: titlesec 2025/01/04 v2.17 Sectioning titles
\ttl@box=\box112
\beforetitleunit=\skip76
\aftertitleunit=\skip77
\ttl@plus=\dimen268
\ttl@minus=\dimen269
\ttl@toksa=\toks37
\titlewidth=\dimen270
\titlewidthlast=\dimen271
\titlewidthfirst=\dimen272
) (c:/texlive/2026/texmf-dist/tex/latex/units/units.sty
Package: units 1998/08/04 v0.9b Typesetting units
 (c:/texlive/2026/texmf-dist/tex/latex/units/nicefrac.sty
Package: nicefrac 1998/08/04 v0.9b Nice fractions
\L@UnitsRaiseDisplaystyle=\skip78
\L@UnitsRaiseTextstyle=\skip79
\L@UnitsRaiseScriptstyle=\skip80
LaTeX Info: Redefining \nicefrac on input line 131.
)) (c:/texlive/2026/texmf-dist/tex/latex/tools/verbatim.sty
Package: verbatim 2024-01-22 v1.5x LaTeX2e package for verbatim enhancements
\every@verbatim=\toks38
\verbatim@line=\toks39
\verbatim@in@stream=\read2
) (c:/texlive/2026/texmf-dist/tex/latex/quotchap/quotchap.sty
Package: quotchap 2020/11/13 v1.3 Decorative Chapter Headings with Quotes
 (c:/texlive/2026/texmf-dist/tex/latex/graphics/color.sty
Package: color 2025/01/14 v1.3e Standard LaTeX Color (DPC)
 (c:/texlive/2026/texmf-dist/tex/latex/graphics-cfg/color.cfg
File: color.cfg 2016/01/02 v1.6 sample color configuration
)
Package color Info: Driver file: xetex.def on input line 149.
 (c:/texlive/2026/texmf-dist/tex/latex/graphics/mathcolor.ltx))
\@quotebox=\box113
) (c:/texlive/2026/texmf-dist/tex/latex/ragged2e/ragged2e.sty
Package: ragged2e 2023/06/22 v3.6 ragged2e Package
\CenteringLeftskip=\skip81
\RaggedLeftLeftskip=\skip82
\RaggedRightLeftskip=\skip83
\CenteringRightskip=\skip84
\RaggedLeftRightskip=\skip85
\RaggedRightRightskip=\skip86
\CenteringParfillskip=\skip87
\RaggedLeftParfillskip=\skip88
\RaggedRightParfillskip=\skip89
\JustifyingParfillskip=\skip90
\CenteringParindent=\skip91
\RaggedLeftParindent=\skip92
\RaggedRightParindent=\skip93
\JustifyingParindent=\skip94
)
Package hyperref Info: Option `colorlinks' set `true' on input line 56.
Package hyperref Info: Option `bookmarksnumbered' set `true' on input line 56.
 (c:/texlive/2026/texmf-dist/tex/latex/tocloft/tocloft.sty
Package: tocloft 2017/08/31 v2.3i parameterised ToC, etc., typesetting
Package tocloft Info: The document has chapter divisions on input line 51.
\cftparskip=\skip95
\cftbeforetoctitleskip=\skip96
\cftaftertoctitleskip=\skip97
\cftbeforepartskip=\skip98
\cftpartnumwidth=\skip99
\cftpartindent=\skip100
\cftbeforechapskip=\skip101
\cftchapindent=\skip102
\cftchapnumwidth=\skip103
\cftbeforesecskip=\skip104
\cftsecindent=\skip105
\cftsecnumwidth=\skip106
\cftbeforesubsecskip=\skip107
\cftsubsecindent=\skip108
\cftsubsecnumwidth=\skip109
\cftbeforesubsubsecskip=\skip110
\cftsubsubsecindent=\skip111
\cftsubsubsecnumwidth=\skip112
\cftbeforeparaskip=\skip113
\cftparaindent=\skip114
\cftparanumwidth=\skip115
\cftbeforesubparaskip=\skip116
\cftsubparaindent=\skip117
\cftsubparanumwidth=\skip118
\cftbeforeloftitleskip=\skip119
\cftafterloftitleskip=\skip120
\cftbeforefigskip=\skip121
\cftfigindent=\skip122
\cftfignumwidth=\skip123
\c@lofdepth=\count379
\c@lotdepth=\count380
\cftbeforelottitleskip=\skip124
\cftafterlottitleskip=\skip125
\cftbeforetabskip=\skip126
\cfttabindent=\skip127
\cfttabnumwidth=\skip128
) (c:/texlive/2026/texmf-dist/tex/latex/pdfsync/pdfsync.sty
Package: pdfsync 2008/01/26 v1.1
) (c:/texlive/2026/texmf-dist/tex/latex/doclicense/doclicense.sty
Package: doclicense 2023/10/01 v3.3.0 Support for putting documents under a license
 (c:/texlive/2026/texmf-dist/tex/latex/xifthen/xifthen.sty
Package: xifthen 2015/11/05 v1.4.0 Extended ifthen features
 (c:/texlive/2026/texmf-dist/tex/latex/ifmtarg/ifmtarg.sty
Package: ifmtarg 2018/04/16 v1.2b check for an empty argument
)) (c:/texlive/2026/texmf-dist/tex/generic/xstring/xstring.sty (c:/texlive/2026/texmf-dist/tex/generic/xstring/xstring.tex
\xs_counta=\count381
\xs_countb=\count382
)
Package: xstring 2023/08/22 v1.86 String manipulations (CT)
) (c:/texlive/2026/texmf-dist/tex/latex/tools/xspace.sty
Package: xspace 2014/10/28 v1.13 Space after command names (DPC,MH)
) (c:/texlive/2026/texmf-dist/tex/latex/hyperxmp/hyperxmp.sty
Package: hyperxmp 2024/03/17 v5.13 Store hyperref metadata in XMP format
\hyxmp@aep@toks=\toks40
\@hyxmp@count=\count383
 (c:/texlive/2026/texmf-dist/tex/latex/oberdiek/ifdraft.sty
Package: ifdraft 2016/05/16 v1.4 Detect class options draft and final (HO)
) (c:/texlive/2026/texmf-dist/tex/generic/iftex/ifluatex.sty
Package: ifluatex 2019/10/25 v1.5 ifluatex legacy package. Use iftex instead.
))
\doclicense@hsize=\skip129
 (c:/texlive/2026/texmf-dist/tex/latex/doclicense/doclicense-english.ldf
File: doclicense-english.ldf 
)) (c:/texlive/2026/texmf-dist/tex/latex/natbib/bibentry.sty
Package: bibentry 2007/10/30 1.5 (PWD)
) (./main.bbl) (c:/texlive/2026/texmf-dist/tex/latex/geometry/geometry.sty
Package: geometry 2026/03/07 v6.0 Page Geometry
 (c:/texlive/2026/texmf-dist/tex/generic/iftex/ifvtex.sty
Package: ifvtex 2019/10/25 v1.7 ifvtex legacy package. Use iftex instead.
)
\Gm@cnth=\count384
\Gm@cntv=\count385
\c@Gm@tempcnt=\count386
\Gm@bindingoffset=\dimen273
\Gm@wd@mp=\dimen274
\Gm@odd@mp=\dimen275
\Gm@even@mp=\dimen276
\Gm@layoutwidth=\dimen277
\Gm@layoutheight=\dimen278
\Gm@layouthoffset=\dimen279
\Gm@layoutvoffset=\dimen280
\Gm@dimlist=\toks41
) (c:/texlive/2026/texmf-dist/tex/latex/fancyhdr/fancyhdr.sty
Package: fancyhdr 2025/02/07 v5.2 Extensive control of page headers and footers
\f@nch@headwidth=\skip130
\f@nch@offset@elh=\skip131
\f@nch@offset@erh=\skip132
\f@nch@offset@olh=\skip133
\f@nch@offset@orh=\skip134
\f@nch@offset@elf=\skip135
\f@nch@offset@erf=\skip136
\f@nch@offset@olf=\skip137
\f@nch@offset@orf=\skip138
\f@nch@height=\skip139
\f@nch@footalignment=\skip140
\f@nch@widthL=\skip141
\f@nch@widthC=\skip142
\f@nch@widthR=\skip143
\@temptokenb=\toks42
) (c:/texlive/2026/texmf-dist/tex/latex/tools/afterpage.sty
Package: afterpage 2023/07/04 v1.08 After-Page Package (DPC)
\AP@output=\toks43
\AP@partial=\box114
\AP@footins=\box115
) (c:/texlive/2026/texmf-dist/tex/latex/titling/titling.sty
Package: titling 2009/09/04 v2.1d maketitle typesetting
\thanksmarkwidth=\skip144
\thanksmargin=\skip145
\droptitle=\skip146
) (c:/texlive/2026/texmf-dist/tex/latex/setspace/setspace.sty
Package: setspace 2022/12/04 v6.7b set line spacing
) (c:/texlive/2026/texmf-dist/tex/latex/booktabs/booktabs.sty
Package: booktabs 2020/01/12 v1.61803398 Publication quality tables
\heavyrulewidth=\dimen281
\lightrulewidth=\dimen282
\cmidrulewidth=\dimen283
\belowrulesep=\dimen284
\belowbottomsep=\dimen285
\aboverulesep=\dimen286
\abovetopsep=\dimen287
\cmidrulesep=\dimen288
\cmidrulekern=\dimen289
\defaultaddspace=\dimen290
\@cmidla=\count387
\@cmidlb=\count388
\@aboverulesep=\dimen291
\@belowrulesep=\dimen292
\@thisruleclass=\count389
\@lastruleclass=\count390
\@thisrulewidth=\dimen293
) (c:/texlive/2026/texmf-dist/tex/latex/caption/caption.sty
Package: caption 2023/08/05 v3.6o Customizing captions (AR)
 (c:/texlive/2026/texmf-dist/tex/latex/caption/caption3.sty
Package: caption3 2023/07/31 v2.4d caption3 kernel (AR)
\caption@tempdima=\dimen294
\captionmargin=\dimen295
\caption@leftmargin=\dimen296
\caption@rightmargin=\dimen297
\caption@width=\dimen298
\caption@indent=\dimen299
\caption@parindent=\dimen300
\caption@hangindent=\dimen301
Package caption Info: Standard document class detected.
)
Package caption Info: Option `figurewithin=section' requires the `newfloat' package on input line 172.
 (c:/texlive/2026/texmf-dist/tex/latex/newfloat/newfloat.sty
Package: newfloat 2023/10/01 v1.2 Defining new floating environments (AR)
Package newfloat Info: Unsupported document class, or \@chapter 
(newfloat)             was already redefined by another package.
Package newfloat Info: \@chapter = macro:->\def \Hy@next {\Hy@MakeCurrentHrefAuto {\Hy@chapapp *}\Hy@raisedlink {\hyper@anchorstart {\@currentHref }\hyper@anchorend }}\ifnum \c@secnumdepth >\m@ne \@ifundefined {if@mainmatter}\iftrue {\csname if@mainmatter\endcsname }\let \Hy@next \relax \fi \fi \Hy@next \Hy@org@chapter .
Package newfloat Info: \Hy@org@chapter = macro:[#1]#2->\NR@gettitle {#1}\NR@chapter [{#1}]{#2}.
Package newfloat Info: \algocf@original@chapter = undefined.
)
\c@caption@flags=\count391
\c@continuedfloat=\count392
Package caption Info: float package is loaded.
Package caption Info: hyperref package is loaded.
Package caption Info: longtable package is loaded.
 (c:/texlive/2026/texmf-dist/tex/latex/caption/ltcaption.sty
Package: ltcaption 2021/01/08 v1.4c longtable captions (AR)
)
Package caption Info: scrextend package is loaded.
\caption@addmargin@hsize=\dimen302
\caption@addmargin@linewidth=\dimen303
Package caption Info: supertabular package is loaded.
) (c:/texlive/2026/texmf-dist/tex/generic/babel/babel.sty
Package: babel 2026/04/15 v26.6 The multilingual framework for LuaLaTeX, pdfLaTeX and XeLaTeX
\babel@savecnt=\count393
LaTeX Encoding Info:    Redeclaring text command \ij (encoding OT1) on input line 2078.
LaTeX Encoding Info:    Redeclaring text command \IJ (encoding OT1) on input line 2080.
LaTeX Encoding Info:    Redeclaring text command \ij (encoding T1) on input line 2082.
LaTeX Encoding Info:    Redeclaring text command \IJ (encoding T1) on input line 2083.
LaTeX Encoding Info:    Ignoring declaration for text command \ij (encoding ?) on input line 2084.
LaTeX Encoding Info:    Ignoring declaration for text command \IJ (encoding ?) on input line 2086.
LaTeX Encoding Info:    Ignoring declaration for text command \SS (encoding ?) on input line 2111.
\U@D=\dimen304
\l@unhyphenated=\language91
 (c:/texlive/2026/texmf-dist/tex/generic/babel/xebabel.def)
\bbl@readstream=\read3
\bbl@dirlevel=\count394
 (c:/texlive/2026/texmf-dist/tex/generic/babel/locale/en/babel-english.tex)
Package babel Info: Importing font and identification data for english
(babel)             from babel-en.ini. Reported on input line 4330.
 (c:/texlive/2026/texmf-dist/tex/generic/babel-english/english.ldf
Language: english 2017/06/06 v3.3r English support from the babel system
Package babel Info: Hyphen rules for 'canadian' set to \l@english
(babel)             (\language0). Reported on input line 102.
Package babel Info: Hyphen rules for 'australian' set to \l@ukenglish
(babel)             (\language22). Reported on input line 105.
Package babel Info: Hyphen rules for 'newzealand' set to \l@ukenglish
(babel)             (\language22). Reported on input line 108.
)) (c:/texlive/2026/texmf-dist/tex/latex/pgf/frontendlayer/tikz.sty (c:/texlive/2026/texmf-dist/tex/latex/pgf/basiclayer/pgf.sty (c:/texlive/2026/texmf-dist/tex/latex/pgf/utilities/pgfrcs.sty (c:/texlive/2026/texmf-dist/tex/generic/pgf/utilities/pgfutil-common.tex
\pgfutil@everybye=\toks44
\pgfutil@tempdima=\dimen305
\pgfutil@tempdimb=\dimen306
) (c:/texlive/2026/texmf-dist/tex/generic/pgf/utilities/pgfutil-latex.def
\pgfutil@abb=\box116
) (c:/texlive/2026/texmf-dist/tex/generic/pgf/utilities/pgfrcs.code.tex (c:/texlive/2026/texmf-dist/tex/generic/pgf/pgf.revision.tex)
Package: pgfrcs 2025-08-29 v3.1.11a (3.1.11a)
))
Package: pgf 2025-08-29 v3.1.11a (3.1.11a)
 (c:/texlive/2026/texmf-dist/tex/latex/pgf/basiclayer/pgfcore.sty (c:/texlive/2026/texmf-dist/tex/latex/pgf/systemlayer/pgfsys.sty (c:/texlive/2026/texmf-dist/tex/generic/pgf/systemlayer/pgfsys.code.tex
Package: pgfsys 2025-08-29 v3.1.11a (3.1.11a)
 (c:/texlive/2026/texmf-dist/tex/generic/pgf/utilities/pgfkeys.code.tex
\pgfkeys@pathtoks=\toks45
\pgfkeys@temptoks=\toks46
 (c:/texlive/2026/texmf-dist/tex/generic/pgf/utilities/pgfkeyslibraryfiltered.code.tex
\pgfkeys@tmptoks=\toks47
))
\pgf@x=\dimen307
\pgf@y=\dimen308
\pgf@xa=\dimen309
\pgf@ya=\dimen310
\pgf@xb=\dimen311
\pgf@yb=\dimen312
\pgf@xc=\dimen313
\pgf@yc=\dimen314
\pgf@xd=\dimen315
\pgf@yd=\dimen316
\w@pgf@writea=\write3
\r@pgf@reada=\read4
\c@pgf@counta=\count395
\c@pgf@countb=\count396
\c@pgf@countc=\count397
\c@pgf@countd=\count398
\t@pgf@toka=\toks48
\t@pgf@tokb=\toks49
\t@pgf@tokc=\toks50
\pgf@sys@id@count=\count399
 (c:/texlive/2026/texmf-dist/tex/generic/pgf/systemlayer/pgf.cfg
File: pgf.cfg 2025-08-29 v3.1.11a (3.1.11a)
)
Driver file for pgf: pgfsys-xetex.def
 (c:/texlive/2026/texmf-dist/tex/generic/pgf/systemlayer/pgfsys-xetex.def
File: pgfsys-xetex.def 2025-08-29 v3.1.11a (3.1.11a)
 (c:/texlive/2026/texmf-dist/tex/generic/pgf/systemlayer/pgfsys-dvipdfmx.def
File: pgfsys-dvipdfmx.def 2025-08-29 v3.1.11a (3.1.11a)
 (c:/texlive/2026/texmf-dist/tex/generic/pgf/systemlayer/pgfsys-common-pdf.def
File: pgfsys-common-pdf.def 2025-08-29 v3.1.11a (3.1.11a)
)
\pgfsys@objnum=\count400
))) (c:/texlive/2026/texmf-dist/tex/generic/pgf/systemlayer/pgfsyssoftpath.code.tex
File: pgfsyssoftpath.code.tex 2025-08-29 v3.1.11a (3.1.11a)
\pgfsyssoftpath@smallbuffer@items=\count401
\pgfsyssoftpath@bigbuffer@items=\count402
) (c:/texlive/2026/texmf-dist/tex/generic/pgf/systemlayer/pgfsysprotocol.code.tex
File: pgfsysprotocol.code.tex 2025-08-29 v3.1.11a (3.1.11a)
)) (c:/texlive/2026/texmf-dist/tex/latex/xcolor/xcolor.sty
Package: xcolor 2024/09/29 v3.02 LaTeX color extensions (UK)
 (c:/texlive/2026/texmf-dist/tex/latex/graphics-cfg/color.cfg
File: color.cfg 2016/01/02 v1.6 sample color configuration
)
Package xcolor Info: Driver file: xetex.def on input line 274.
LaTeX Info: Redefining \color on input line 762.
 (c:/texlive/2026/texmf-dist/tex/latex/graphics/mathcolor.ltx)
Package xcolor Info: Model `cmy' substituted by `cmy0' on input line 1349.
Package xcolor Info: Model `RGB' extended on input line 1365.
Package xcolor Info: Model `HTML' substituted by `rgb' on input line 1367.
Package xcolor Info: Model `Hsb' substituted by `hsb' on input line 1368.
Package xcolor Info: Model `tHsb' substituted by `hsb' on input line 1369.
Package xcolor Info: Model `HSB' substituted by `hsb' on input line 1370.
Package xcolor Info: Model `Gray' substituted by `gray' on input line 1371.
Package xcolor Info: Model `wave' substituted by `hsb' on input line 1372.
) (c:/texlive/2026/texmf-dist/tex/generic/pgf/basiclayer/pgfcore.code.tex
Package: pgfcore 2025-08-29 v3.1.11a (3.1.11a)
 (c:/texlive/2026/texmf-dist/tex/generic/pgf/math/pgfmath.code.tex (c:/texlive/2026/texmf-dist/tex/generic/pgf/math/pgfmathutil.code.tex) (c:/texlive/2026/texmf-dist/tex/generic/pgf/math/pgfmathparser.code.tex
\pgfmath@dimen=\dimen317
\pgfmath@count=\count403
\pgfmath@box=\box117
\pgfmath@toks=\toks51
\pgfmath@stack@operand=\toks52
\pgfmath@stack@operation=\toks53
) (c:/texlive/2026/texmf-dist/tex/generic/pgf/math/pgfmathfunctions.code.tex) (c:/texlive/2026/texmf-dist/tex/generic/pgf/math/pgfmathfunctions.basic.code.tex) (c:/texlive/2026/texmf-dist/tex/generic/pgf/math/pgfmathfunctions.trigonometric.code.tex) (c:/texlive/2026/texmf-dist/tex/generic/pgf/math/pgfmathfunctions.random.code.tex) (c:/texlive/2026/texmf-dist/tex/generic/pgf/math/pgfmathfunctions.comparison.code.tex) (c:/texlive/2026/texmf-dist/tex/generic/pgf/math/pgfmathfunctions.base.code.tex) (c:/texlive/2026/texmf-dist/tex/generic/pgf/math/pgfmathfunctions.round.code.tex) (c:/texlive/2026/texmf-dist/tex/generic/pgf/math/pgfmathfunctions.misc.code.tex) (c:/texlive/2026/texmf-dist/tex/generic/pgf/math/pgfmathfunctions.integerarithmetics.code.tex) (c:/texlive/2026/texmf-dist/tex/generic/pgf/math/pgfmathcalc.code.tex) (c:/texlive/2026/texmf-dist/tex/generic/pgf/math/pgfmathfloat.code.tex
\c@pgfmathroundto@lastzeros=\count404
)) (c:/texlive/2026/texmf-dist/tex/generic/pgf/math/pgfint.code.tex) (c:/texlive/2026/texmf-dist/tex/generic/pgf/basiclayer/pgfcorepoints.code.tex
File: pgfcorepoints.code.tex 2025-08-29 v3.1.11a (3.1.11a)
\pgf@picminx=\dimen318
\pgf@picmaxx=\dimen319
\pgf@picminy=\dimen320
\pgf@picmaxy=\dimen321
\pgf@pathminx=\dimen322
\pgf@pathmaxx=\dimen323
\pgf@pathminy=\dimen324
\pgf@pathmaxy=\dimen325
\pgf@xx=\dimen326
\pgf@xy=\dimen327
\pgf@yx=\dimen328
\pgf@yy=\dimen329
\pgf@zx=\dimen330
\pgf@zy=\dimen331
) (c:/texlive/2026/texmf-dist/tex/generic/pgf/basiclayer/pgfcorepathconstruct.code.tex
File: pgfcorepathconstruct.code.tex 2025-08-29 v3.1.11a (3.1.11a)
\pgf@path@lastx=\dimen332
\pgf@path@lasty=\dimen333
) (c:/texlive/2026/texmf-dist/tex/generic/pgf/basiclayer/pgfcorepathusage.code.tex
File: pgfcorepathusage.code.tex 2025-08-29 v3.1.11a (3.1.11a)
\pgf@shorten@end@additional=\dimen334
\pgf@shorten@start@additional=\dimen335
) (c:/texlive/2026/texmf-dist/tex/generic/pgf/basiclayer/pgfcorescopes.code.tex
File: pgfcorescopes.code.tex 2025-08-29 v3.1.11a (3.1.11a)
\pgfpic=\box118
\pgf@hbox=\box119
\pgf@layerbox@main=\box120
\pgf@picture@serial@count=\count405
) (c:/texlive/2026/texmf-dist/tex/generic/pgf/basiclayer/pgfcoregraphicstate.code.tex
File: pgfcoregraphicstate.code.tex 2025-08-29 v3.1.11a (3.1.11a)
\pgflinewidth=\dimen336
) (c:/texlive/2026/texmf-dist/tex/generic/pgf/basiclayer/pgfcoretransformations.code.tex
File: pgfcoretransformations.code.tex 2025-08-29 v3.1.11a (3.1.11a)
\pgf@pt@x=\dimen337
\pgf@pt@y=\dimen338
\pgf@pt@temp=\dimen339
) (c:/texlive/2026/texmf-dist/tex/generic/pgf/basiclayer/pgfcorequick.code.tex
File: pgfcorequick.code.tex 2025-08-29 v3.1.11a (3.1.11a)
) (c:/texlive/2026/texmf-dist/tex/generic/pgf/basiclayer/pgfcoreobjects.code.tex
File: pgfcoreobjects.code.tex 2025-08-29 v3.1.11a (3.1.11a)
) (c:/texlive/2026/texmf-dist/tex/generic/pgf/basiclayer/pgfcorepathprocessing.code.tex
File: pgfcorepathprocessing.code.tex 2025-08-29 v3.1.11a (3.1.11a)
) (c:/texlive/2026/texmf-dist/tex/generic/pgf/basiclayer/pgfcorearrows.code.tex
File: pgfcorearrows.code.tex 2025-08-29 v3.1.11a (3.1.11a)
\pgfarrowsep=\dimen340
) (c:/texlive/2026/texmf-dist/tex/generic/pgf/basiclayer/pgfcoreshade.code.tex
File: pgfcoreshade.code.tex 2025-08-29 v3.1.11a (3.1.11a)
\pgf@max=\dimen341
\pgf@sys@shading@range@num=\count406
\pgf@shadingcount=\count407
) (c:/texlive/2026/texmf-dist/tex/generic/pgf/basiclayer/pgfcoreimage.code.tex
File: pgfcoreimage.code.tex 2025-08-29 v3.1.11a (3.1.11a)
) (c:/texlive/2026/texmf-dist/tex/generic/pgf/basiclayer/pgfcoreexternal.code.tex
File: pgfcoreexternal.code.tex 2025-08-29 v3.1.11a (3.1.11a)
\pgfexternal@startupbox=\box121
) (c:/texlive/2026/texmf-dist/tex/generic/pgf/basiclayer/pgfcorelayers.code.tex
File: pgfcorelayers.code.tex 2025-08-29 v3.1.11a (3.1.11a)
) (c:/texlive/2026/texmf-dist/tex/generic/pgf/basiclayer/pgfcoretransparency.code.tex
File: pgfcoretransparency.code.tex 2025-08-29 v3.1.11a (3.1.11a)
) (c:/texlive/2026/texmf-dist/tex/generic/pgf/basiclayer/pgfcorepatterns.code.tex
File: pgfcorepatterns.code.tex 2025-08-29 v3.1.11a (3.1.11a)
) (c:/texlive/2026/texmf-dist/tex/generic/pgf/basiclayer/pgfcorerdf.code.tex
File: pgfcorerdf.code.tex 2025-08-29 v3.1.11a (3.1.11a)
))) (c:/texlive/2026/texmf-dist/tex/generic/pgf/modules/pgfmoduleshapes.code.tex
File: pgfmoduleshapes.code.tex 2025-08-29 v3.1.11a (3.1.11a)
\pgfnodeparttextbox=\box122
) (c:/texlive/2026/texmf-dist/tex/generic/pgf/modules/pgfmoduleplot.code.tex
File: pgfmoduleplot.code.tex 2025-08-29 v3.1.11a (3.1.11a)
) (c:/texlive/2026/texmf-dist/tex/latex/pgf/compatibility/pgfcomp-version-0-65.sty
Package: pgfcomp-version-0-65 2025-08-29 v3.1.11a (3.1.11a)
\pgf@nodesepstart=\dimen342
\pgf@nodesepend=\dimen343
) (c:/texlive/2026/texmf-dist/tex/latex/pgf/compatibility/pgfcomp-version-1-18.sty
Package: pgfcomp-version-1-18 2025-08-29 v3.1.11a (3.1.11a)
)) (c:/texlive/2026/texmf-dist/tex/latex/pgf/utilities/pgffor.sty (c:/texlive/2026/texmf-dist/tex/latex/pgf/utilities/pgfkeys.sty (c:/texlive/2026/texmf-dist/tex/generic/pgf/utilities/pgfkeys.code.tex)) (c:/texlive/2026/texmf-dist/tex/latex/pgf/math/pgfmath.sty (c:/texlive/2026/texmf-dist/tex/generic/pgf/math/pgfmath.code.tex)) (c:/texlive/2026/texmf-dist/tex/generic/pgf/utilities/pgffor.code.tex
Package: pgffor 2025-08-29 v3.1.11a (3.1.11a)
\pgffor@iter=\dimen344
\pgffor@skip=\dimen345
\pgffor@stack=\toks54
\pgffor@toks=\toks55
)) (c:/texlive/2026/texmf-dist/tex/generic/pgf/frontendlayer/tikz/tikz.code.tex
Package: tikz 2025-08-29 v3.1.11a (3.1.11a)
 (c:/texlive/2026/texmf-dist/tex/generic/pgf/libraries/pgflibraryplothandlers.code.tex
File: pgflibraryplothandlers.code.tex 2025-08-29 v3.1.11a (3.1.11a)
\pgf@plot@mark@count=\count408
\pgfplotmarksize=\dimen346
)
\tikz@lastx=\dimen347
\tikz@lasty=\dimen348
\tikz@lastxsaved=\dimen349
\tikz@lastysaved=\dimen350
\tikz@lastmovetox=\dimen351
\tikz@lastmovetoy=\dimen352
\tikzleveldistance=\dimen353
\tikzsiblingdistance=\dimen354
\tikz@figbox=\box123
\tikz@figbox@bg=\box124
\tikz@tempbox=\box125
\tikz@tempbox@bg=\box126
\tikztreelevel=\count409
\tikznumberofchildren=\count410
\tikznumberofcurrentchild=\count411
\tikz@fig@count=\count412
 (c:/texlive/2026/texmf-dist/tex/generic/pgf/modules/pgfmodulematrix.code.tex
File: pgfmodulematrix.code.tex 2025-08-29 v3.1.11a (3.1.11a)
\pgfmatrixcurrentrow=\count413
\pgfmatrixcurrentcolumn=\count414
\pgf@matrix@numberofcolumns=\count415
)
\tikz@expandcount=\count416
 (c:/texlive/2026/texmf-dist/tex/generic/pgf/frontendlayer/tikz/libraries/tikzlibrarytopaths.code.tex
File: tikzlibrarytopaths.code.tex 2025-08-29 v3.1.11a (3.1.11a)
))) (c:/texlive/2026/texmf-dist/tex/generic/pgf/frontendlayer/tikz/libraries/tikzlibrarycalc.code.tex
File: tikzlibrarycalc.code.tex 2025-08-29 v3.1.11a (3.1.11a)
) (c:/texlive/2026/texmf-dist/tex/generic/pgf/frontendlayer/tikz/libraries/tikzlibrarydecorations.pathmorphing.code.tex (c:/texlive/2026/texmf-dist/tex/generic/pgf/frontendlayer/tikz/libraries/tikzlibrarydecorations.code.tex (c:/texlive/2026/texmf-dist/tex/generic/pgf/modules/pgfmoduledecorations.code.tex
\pgfdecoratedcompleteddistance=\dimen355
\pgfdecoratedremainingdistance=\dimen356
\pgfdecoratedinputsegmentcompleteddistance=\dimen357
\pgfdecoratedinputsegmentremainingdistance=\dimen358
\pgf@decorate@distancetomove=\dimen359
\pgf@decorate@repeatstate=\count417
\pgfdecorationsegmentamplitude=\dimen360
\pgfdecorationsegmentlength=\dimen361
)
\tikz@lib@dec@box=\box127
)
(c:/texlive/2026/texmf-dist/tex/generic/pgf/libraries/decorations/pgflibrarydecorations.pathmorphing.code.tex))) (c:/texlive/2026/texmf-dist/tex/latex/blindtext/blindtext.sty
Package: blindtext 2012/01/06 V2.0 blindtext-Package
\c@blindtext=\count418
\c@Blindtext=\count419
\c@blind@countparstart=\count420
\blind@countxx=\count421
\blindtext@numBlindtext=\count422
\blind@countyy=\count423
\c@blindlist=\count424
\c@blindlistlevel=\count425
\c@blindlist@level=\count426
\blind@listitem=\count427
\c@blind@listcount=\count428
\c@blind@levelcount=\count429
\blind@mathformula=\count430
\blind@Mathformula=\count431
\c@blind@randomcount=\count432
\c@blind@randommax=\count433
\c@blind@pangramcount=\count434
\c@blind@pangrammax=\count435
) (c:/texlive/2026/texmf-dist/tex/latex/microtype/microtype.sty
Package: microtype 2026/03/01 v3.2d Micro-typographical refinements (RS)
\MT@toks=\toks56
\MT@tempbox=\box128
\MT@count=\count436
LaTeX Info: Redefining \noprotrusionifhmode on input line 1084.
LaTeX Info: Redefining \leftprotrusion on input line 1085.
\MT@prot@toks=\toks57
LaTeX Info: Redefining \rightprotrusion on input line 1104.
LaTeX Info: Redefining \textls on input line 1449.
\MT@outer@kern=\dimen362
LaTeX Info: Redefining \microtypecontext on input line 2053.
LaTeX Info: Redefining \textmicrotypecontext on input line 2070.
\MT@listname@count=\count437
 (c:/texlive/2026/texmf-dist/tex/latex/microtype/microtype-xetex.def
File: microtype-xetex.def 2026/03/01 v3.2d Definitions specific to xetex (RS)
LaTeX Info: Redefining \lsstyle on input line 443.
LaTeX Info: Redefining \lslig on input line 451.
\MT@outer@space=\skip147
)
Package microtype Info: Loading configuration file microtype.cfg.
 (c:/texlive/2026/texmf-dist/tex/latex/microtype/microtype.cfg
File: microtype.cfg 2026/03/01 v3.2d microtype main configuration file (RS)
)
LaTeX Info: Redefining \microtypesetup on input line 3065.
) (./frontmatter/glossaries.tex)
\glswrite=\write4
\glo@main@file=\write5
\openout5 = `main.glo'.

Package glossaries Info: Writing glossary file main.glo on input line 21.
\glo@notation@file=\write6
\openout6 = `main.ntn'.

Package glossaries Info: Writing glossary file main.ntn on input line 21.
 (c:/texlive/2026/texmf-dist/tex/latex/ccicons/ccicons.sty
Package: ccicons 2017/10/30 v1.6 LaTeX support for Creative Commons icons
) (c:/texlive/2026/texmf-dist/tex/latex/csquotes/csquotes.sty
Package: csquotes 2024-04-04 v5.2o context-sensitive quotations (JAW)
\csq@reset=\count438
\csq@gtype=\count439
\csq@glevel=\count440
\csq@qlevel=\count441
\csq@maxlvl=\count442
\csq@tshold=\count443
\csq@ltx@everypar=\toks58
 (c:/texlive/2026/texmf-dist/tex/latex/csquotes/csquotes.def
File: csquotes.def 2024-04-04 v5.2o csquotes generic definitions (JAW)
)
Package csquotes Info: Trying to load configuration file 'csquotes.cfg'...
Package csquotes Info: ... configuration file loaded successfully.
 (c:/texlive/2026/texmf-dist/tex/latex/csquotes/csquotes.cfg
File: csquotes.cfg 
)) (./main.aux)
\openout1 = `main.aux'.

LaTeX Font Info:    Checking defaults for OML/cmm/m/it on input line 23.
LaTeX Font Info:    ... okay on input line 23.
LaTeX Font Info:    Checking defaults for OMS/cmsy/m/n on input line 23.
LaTeX Font Info:    ... okay on input line 23.
LaTeX Font Info:    Checking defaults for OT1/cmr/m/n on input line 23.
LaTeX Font Info:    ... okay on input line 23.
LaTeX Font Info:    Checking defaults for T1/cmr/m/n on input line 23.
LaTeX Font Info:    ... okay on input line 23.
LaTeX Font Info:    Checking defaults for TS1/cmr/m/n on input line 23.
LaTeX Font Info:    ... okay on input line 23.
LaTeX Font Info:    Checking defaults for TU/lmr/m/n on input line 23.
LaTeX Font Info:    ... okay on input line 23.
LaTeX Font Info:    Checking defaults for OMX/cmex/m/n on input line 23.
LaTeX Font Info:    ... okay on input line 23.
LaTeX Font Info:    Checking defaults for U/cmr/m/n on input line 23.
LaTeX Font Info:    ... okay on input line 23.
LaTeX Font Info:    Checking defaults for PD1/pdf/m/n on input line 23.
LaTeX Font Info:    ... okay on input line 23.
LaTeX Font Info:    Checking defaults for PU/pdf/m/n on input line 23.
LaTeX Font Info:    ... okay on input line 23.
Package hyperref Info: Link coloring ON on input line 23.
 (./main.out) (./main.out)
\@outlinefile=\write7
\openout7 = `main.out'.

Configuring pdfsync
\PDFSYNC@ut=\write8
\openout8 = `main.pdfsync'.

\PDFSYNCf@li@=\count444
\PDFSYNC@rder=\count445
**** pdfsync.sty: Synchronizing at \everypar
\PDFSYNCeveryp@r=\toks59
**** pdfsync.sty: Synchronizing at \everymath
\PDFSYNCeverym@th=\toks60
**** pdfsync.sty: Synchronizing at \everyhbox
\PDFSYNCeveryhb@x=\toks61
**** pdfsync.sty: Synchronizing at \everyvbox
\PDFSYNCeveryvb@x=\toks62
**** pdfsync.sty: started

*geometry* driver: auto-detecting
*geometry* detected driver: xetex
*geometry* verbose mode - [ preamble ] result:
* driver: xetex
* paper: a4paper
* layout: <same size as paper>
* layoutoffset:(h,v)=(0.0pt,0.0pt)
* modes: 
* h-part:(L,W,R)=(85.35826pt, 455.24411pt, 56.9055pt)
* v-part:(T,H,B)=(71.13188pt, 688.5567pt, 85.35826pt)
* \paperwidth=597.50787pt
* \paperheight=845.04684pt
* \textwidth=455.24411pt
* \textheight=688.5567pt
* \oddsidemargin=13.08827pt
* \evensidemargin=13.08827pt
* \topmargin=-31.2056pt
* \headheight=12.0pt
* \headsep=18.06749pt
* \topskip=10.0pt
* \footskip=25.29494pt
* \marginparwidth=69.0pt
* \marginparsep=7.0pt
* \columnsep=10.0pt
* \skip\footins=11.69997pt plus 5.19942pt minus 2.60054pt
* \hoffset=0.0pt
* \voffset=0.0pt
* \mag=1000
* \@twocolumnfalse
* \@twosidefalse
* \@mparswitchfalse
* \@reversemarginfalse
* (1in=72.27pt=25.4mm, 1cm=28.453pt)

Package caption Info: Begin \AtBeginDocument code.
Package caption Info: End \AtBeginDocument code.
Package newfloat Info: Trying Plan B...
Package newfloat Info: `float' package detected.
LaTeX Info: Redefining \microtypecontext on input line 23.
Package microtype Info: Applying patch `item' on input line 23.
Package microtype Info: Applying patch `toc' on input line 23.
Package microtype Info: Applying patch `eqnum' on input line 23.

Package microtype Warning: Unable to apply patch `footnote' on input line 23.

Package microtype Info: Applying patch `verbatim' on input line 23.
LaTeX Info: Redefining \microtypesetup on input line 23.
Package microtype Info: Character protrusion enabled (level 2).
Package microtype Info: Using default protrusion set `alltext'.
Package microtype Info: No adjustment of tracking.
Package microtype Info: No adjustment of spacing.
Package microtype Info: No adjustment of kerning.
(c:/texlive/2026/texmf-dist/tex/latex/microtype/mt-LatinModernRoman.cfg
File: mt-LatinModernRoman.cfg 2026/02/26 v1.2 microtype config. file: Latin Modern Roman (RS)
) (./frontmatter/coverpage.tex
File: UET_logo.png Graphic file (type bmp)
<UET_logo.png>
 [1

\openout4 = `main.ist'.

]
LaTeX Font Info:    Calculating math sizes for size <13> on input line 33.


LaTeX Font Warning: Font shape `OT1/cmr/m/n' in size <13> not available
(Font)              size <12> substituted on input line 33.

(c:/texlive/2026/texmf-dist/tex/latex/microtype/mt-cmr.cfg
File: mt-cmr.cfg 2013/05/19 v2.2 microtype config. file: Computer Modern Roman (RS)
)

LaTeX Font Warning: Font shape `OT1/cmr/m/n' in size <6.5> not available
(Font)              size <6> substituted on input line 33.


LaTeX Font Warning: Font shape `OML/cmm/m/it' in size <13> not available
(Font)              size <12> substituted on input line 33.


LaTeX Font Warning: Font shape `OML/cmm/m/it' in size <6.5> not available
(Font)              size <6> substituted on input line 33.


LaTeX Font Warning: Font shape `OMS/cmsy/m/n' in size <13> not available
(Font)              size <12> substituted on input line 33.


LaTeX Font Warning: Font shape `OMS/cmsy/m/n' in size <6.5> not available
(Font)              size <6> substituted on input line 33.

LaTeX Font Info:    Trying to load font information for U+msa on input line 33.
(c:/texlive/2026/texmf-dist/tex/latex/amsfonts/umsa.fd
File: umsa.fd 2013/01/14 v3.01 AMS symbols A
) (c:/texlive/2026/texmf-dist/tex/latex/microtype/mt-msa.cfg
File: mt-msa.cfg 2006/02/04 v1.1 microtype config. file: AMS symbols (a) (RS)
)
LaTeX Font Info:    Trying to load font information for U+msb on input line 33.
 (c:/texlive/2026/texmf-dist/tex/latex/amsfonts/umsb.fd
File: umsb.fd 2013/01/14 v3.01 AMS symbols B
) (c:/texlive/2026/texmf-dist/tex/latex/microtype/mt-msb.cfg
File: mt-msb.cfg 2005/06/01 v1.0 microtype config. file: AMS symbols (b) (RS)
) [2


]) (./frontmatter/abstract.tex

Package xcolor Warning: Incompatible color definition on input line 6.


Package fancyhdr Warning: \headheight is too small (12.0pt): 
(fancyhdr)                Make it at least 15.59995pt, for example:
(fancyhdr)                \setlength{\headheight}{15.59995pt}.
(fancyhdr)                You might also make \topmargin smaller:
(fancyhdr)                \addtolength{\topmargin}{-3.59995pt}.

[1]) (./main.toc
Underfull \hbox (badness 10000) in paragraph at lines 6--6
 \TU/lmr/m/sc/13 Ph  
 []


Underfull \hbox (badness 10000) in paragraph at lines 7--7
 \TU/lmr/m/n/13 Mụ  
 []


Underfull \hbox (badness 10000) in paragraph at lines 8--8
 \TU/lmr/m/n/13 Cá  
 []


Underfull \hbox (badness 10000) in paragraph at lines 9--9
 \TU/lmr/m/n/13 Kh  
 []


Underfull \hbox (badness 10000) in paragraph at lines 10--10
 \TU/lmr/m/n/13 Ng  
 []


Underfull \hbox (badness 10000) in paragraph at lines 11--11
 \TU/lmr/m/n/13 Qu  
 []


Underfull \hbox (badness 10000) in paragraph at lines 12--12
 \TU/lmr/m/n/13 Yê  
 []


Underfull \hbox (badness 10000) in paragraph at lines 13--13
 \TU/lmr/m/n/13 Yê  
 []


Underfull \hbox (badness 10000) in paragraph at lines 14--14
 \TU/lmr/m/n/13 Yê  
 []


Underfull \hbox (badness 10000) in paragraph at lines 15--15
 \TU/lmr/m/sc/13 Th  
 []


Underfull \hbox (badness 10000) in paragraph at lines 16--16
 \TU/lmr/m/n/13 Xá  
 []


Underfull \hbox (badness 10000) in paragraph at lines 17--17
 \TU/lmr/m/n/13 Xá  
 []


Underfull \hbox (badness 10000) in paragraph at lines 18--18
 \TU/lmr/m/n/13 Us  
 []


Underfull \hbox (badness 10000) in paragraph at lines 19--19
 \TU/lmr/m/n/13 Cá  
 []


Underfull \hbox (badness 10000) in paragraph at lines 20--20
 \TU/lmr/m/n/13 Bi  
 []


Underfull \hbox (badness 10000) in paragraph at lines 21--21
 \TU/lmr/m/n/13 Lư  
 []


Underfull \hbox (badness 10000) in paragraph at lines 22--22
 \TU/lmr/m/n/13 Ch  
 []


Underfull \hbox (badness 10000) in paragraph at lines 23--23
 \TU/lmr/m/n/13 Da  
 []


Underfull \hbox (badness 10000) in paragraph at lines 24--24
 \TU/lmr/m/sc/13 Tr  
 []

[2


]
Underfull \hbox (badness 10000) in paragraph at lines 25--25
 \TU/lmr/m/n/13 Ac  
 []


Underfull \hbox (badness 10000) in paragraph at lines 26--26
 \TU/lmr/m/n/13 Cấ  
 []


Underfull \hbox (badness 10000) in paragraph at lines 27--27
 \TU/lmr/m/n/13 In  
 []


Underfull \hbox (badness 10000) in paragraph at lines 28--28
 \TU/lmr/m/n/13 Vi  
 []


Underfull \hbox (badness 10000) in paragraph at lines 29--29
 \TU/lmr/m/n/13 Tr  
 []


Underfull \hbox (badness 10000) in paragraph at lines 30--30
 \TU/lmr/m/n/13 Pr  
 []


Underfull \hbox (badness 10000) in paragraph at lines 31--31
 \TU/lmr/m/n/13 Fu  
 []


Underfull \hbox (badness 10000) in paragraph at lines 32--32
 \TU/lmr/m/n/13 Us  
 []


Underfull \hbox (badness 10000) in paragraph at lines 33--33
 \TU/lmr/m/n/13 Ta  
 []


Underfull \hbox (badness 10000) in paragraph at lines 34--34
 \TU/lmr/m/n/13 Cấ  
 []


Underfull \hbox (badness 10000) in paragraph at lines 35--35
 \TU/lmr/m/n/13 In  
 []


Underfull \hbox (badness 10000) in paragraph at lines 36--36
 \TU/lmr/m/n/13 Vi  
 []


Underfull \hbox (badness 10000) in paragraph at lines 37--37
 \TU/lmr/m/n/13 Tr  
 []


Underfull \hbox (badness 10000) in paragraph at lines 38--38
 \TU/lmr/m/n/13 Pr  
 []


Underfull \hbox (badness 10000) in paragraph at lines 39--39
 \TU/lmr/m/n/13 Fu  
 []


Underfull \hbox (badness 10000) in paragraph at lines 40--40
 \TU/lmr/m/n/13 Ta  
 []


Underfull \hbox (badness 10000) in paragraph at lines 41--41
 \TU/lmr/m/n/13 Cấ  
 []


Underfull \hbox (badness 10000) in paragraph at lines 42--42
 \TU/lmr/m/n/13 In  
 []


Underfull \hbox (badness 10000) in paragraph at lines 43--43
 \TU/lmr/m/n/13 Vi  
 []


Underfull \hbox (badness 10000) in paragraph at lines 44--44
 \TU/lmr/m/n/13 Tr  
 []


Underfull \hbox (badness 10000) in paragraph at lines 45--45
 \TU/lmr/m/n/13 Pr  
 []


Underfull \hbox (badness 10000) in paragraph at lines 46--46
 \TU/lmr/m/n/13 Fu  
 []


Underfull \hbox (badness 10000) in paragraph at lines 47--47
 \TU/lmr/m/n/13 Ta  
 []


Underfull \hbox (badness 10000) in paragraph at lines 48--48
 \TU/lmr/m/n/13 Cấ  
 []


Underfull \hbox (badness 10000) in paragraph at lines 49--49
 \TU/lmr/m/n/13 In  
 []


Underfull \hbox (badness 10000) in paragraph at lines 50--50
 \TU/lmr/m/n/13 Vi  
 []


Underfull \hbox (badness 10000) in paragraph at lines 51--51
 \TU/lmr/m/n/13 Tr  
 []


Underfull \hbox (badness 10000) in paragraph at lines 52--52
 \TU/lmr/m/n/13 Pr  
 []


Underfull \hbox (badness 10000) in paragraph at lines 53--53
 \TU/lmr/m/n/13 Fu  
 []


Underfull \hbox (badness 10000) in paragraph at lines 54--54
 \TU/lmr/m/n/13 Pr  
 []


Underfull \hbox (badness 10000) in paragraph at lines 55--55
 \TU/lmr/m/n/13 Ta  
 []


Underfull \hbox (badness 10000) in paragraph at lines 56--56
 \TU/lmr/m/n/13 Cấ  
 []


Underfull \hbox (badness 10000) in paragraph at lines 57--57
 \TU/lmr/m/n/13 In  
 []


Underfull \hbox (badness 10000) in paragraph at lines 58--58
 \TU/lmr/m/n/13 Vi  
 []


Underfull \hbox (badness 10000) in paragraph at lines 59--59
 \TU/lmr/m/n/13 Tr  
 []

[3]
Underfull \hbox (badness 10000) in paragraph at lines 60--60
 \TU/lmr/m/n/13 Pr  
 []


Underfull \hbox (badness 10000) in paragraph at lines 61--61
 \TU/lmr/m/n/13 Fu  
 []


Underfull \hbox (badness 10000) in paragraph at lines 62--62
 \TU/lmr/m/n/13 Ta  
 []


Underfull \hbox (badness 10000) in paragraph at lines 63--63
 \TU/lmr/m/n/13 Cấ  
 []


Underfull \hbox (badness 10000) in paragraph at lines 64--64
 \TU/lmr/m/n/13 In  
 []


Underfull \hbox (badness 10000) in paragraph at lines 65--65
 \TU/lmr/m/n/13 Vi  
 []


Underfull \hbox (badness 10000) in paragraph at lines 66--66
 \TU/lmr/m/n/13 Tr  
 []


Underfull \hbox (badness 10000) in paragraph at lines 67--67
 \TU/lmr/m/n/13 Pr  
 []


Underfull \hbox (badness 10000) in paragraph at lines 68--68
 \TU/lmr/m/n/13 Fu  
 []


Underfull \hbox (badness 10000) in paragraph at lines 69--69
 \TU/lmr/m/n/13 Ta  
 []


Underfull \hbox (badness 10000) in paragraph at lines 70--70
 \TU/lmr/m/n/13 Cấ  
 []


Underfull \hbox (badness 10000) in paragraph at lines 71--71
 \TU/lmr/m/n/13 In  
 []


Underfull \hbox (badness 10000) in paragraph at lines 72--72
 \TU/lmr/m/n/13 Vi  
 []


Underfull \hbox (badness 10000) in paragraph at lines 73--73
 \TU/lmr/m/n/13 Tr  
 []


Underfull \hbox (badness 10000) in paragraph at lines 74--74
 \TU/lmr/m/n/13 Pr  
 []


Underfull \hbox (badness 10000) in paragraph at lines 75--75
 \TU/lmr/m/n/13 Fu  
 []


Underfull \hbox (badness 10000) in paragraph at lines 76--76
 \TU/lmr/m/n/13 Ta  
 []


Underfull \hbox (badness 10000) in paragraph at lines 77--77
 \TU/lmr/m/n/13 Cấ  
 []


Underfull \hbox (badness 10000) in paragraph at lines 78--78
 \TU/lmr/m/n/13 In  
 []


Underfull \hbox (badness 10000) in paragraph at lines 79--79
 \TU/lmr/m/n/13 Vi  
 []


Underfull \hbox (badness 10000) in paragraph at lines 80--80
 \TU/lmr/m/n/13 Tr  
 []


Underfull \hbox (badness 10000) in paragraph at lines 81--81
 \TU/lmr/m/n/13 Pr  
 []


Underfull \hbox (badness 10000) in paragraph at lines 82--82
 \TU/lmr/m/n/13 Fu  
 []


Underfull \hbox (badness 10000) in paragraph at lines 83--83
 \TU/lmr/m/n/13 Ta  
 []


Underfull \hbox (badness 10000) in paragraph at lines 84--84
 \TU/lmr/m/n/13 Cấ  
 []


Underfull \hbox (badness 10000) in paragraph at lines 85--85
 \TU/lmr/m/n/13 In  
 []


Underfull \hbox (badness 10000) in paragraph at lines 86--86
 \TU/lmr/m/n/13 Vi  
 []


Underfull \hbox (badness 10000) in paragraph at lines 87--87
 \TU/lmr/m/n/13 Tr  
 []


Underfull \hbox (badness 10000) in paragraph at lines 88--88
 \TU/lmr/m/n/13 Pr  
 []


Underfull \hbox (badness 10000) in paragraph at lines 89--89
 \TU/lmr/m/n/13 Fu  
 []


Underfull \hbox (badness 10000) in paragraph at lines 90--90
 \TU/lmr/m/n/13 Ta  
 []


Underfull \hbox (badness 10000) in paragraph at lines 91--91
 \TU/lmr/m/n/13 Cấ  
 []


Underfull \hbox (badness 10000) in paragraph at lines 92--92
 \TU/lmr/m/n/13 In  
 []


Underfull \hbox (badness 10000) in paragraph at lines 93--93
 \TU/lmr/m/n/13 Vi  
 []


Underfull \hbox (badness 10000) in paragraph at lines 94--94
 \TU/lmr/m/n/13 Tr  
 []

[4]
Underfull \hbox (badness 10000) in paragraph at lines 95--95
 \TU/lmr/m/n/13 Pr  
 []


Underfull \hbox (badness 10000) in paragraph at lines 96--96
 \TU/lmr/m/n/13 Fu  
 []


Underfull \hbox (badness 10000) in paragraph at lines 97--97
 \TU/lmr/m/n/13 Ta  
 []


Underfull \hbox (badness 10000) in paragraph at lines 98--98
 \TU/lmr/m/n/13 Cấ  
 []


Underfull \hbox (badness 10000) in paragraph at lines 99--99
 \TU/lmr/m/n/13 In  
 []


Underfull \hbox (badness 10000) in paragraph at lines 100--100
 \TU/lmr/m/n/13 Vi  
 []


Underfull \hbox (badness 10000) in paragraph at lines 101--101
 \TU/lmr/m/n/13 Tr  
 []


Underfull \hbox (badness 10000) in paragraph at lines 102--102
 \TU/lmr/m/n/13 Pr  
 []


Underfull \hbox (badness 10000) in paragraph at lines 103--103
 \TU/lmr/m/n/13 Fu  
 []


Underfull \hbox (badness 10000) in paragraph at lines 104--104
 \TU/lmr/m/n/13 Ta  
 []


Underfull \hbox (badness 10000) in paragraph at lines 105--105
 \TU/lmr/m/n/13 Cấ  
 []


Underfull \hbox (badness 10000) in paragraph at lines 106--106
 \TU/lmr/m/n/13 In  
 []


Underfull \hbox (badness 10000) in paragraph at lines 107--107
 \TU/lmr/m/n/13 Vi  
 []


Underfull \hbox (badness 10000) in paragraph at lines 108--108
 \TU/lmr/m/n/13 Tr  
 []


Underfull \hbox (badness 10000) in paragraph at lines 109--109
 \TU/lmr/m/n/13 Pr  
 []


Underfull \hbox (badness 10000) in paragraph at lines 110--110
 \TU/lmr/m/n/13 Fu  
 []


Underfull \hbox (badness 10000) in paragraph at lines 111--111
 \TU/lmr/m/n/13 Ca  
 []


Underfull \hbox (badness 10000) in paragraph at lines 112--112
 \TU/lmr/m/n/13 Cấ  
 []


Underfull \hbox (badness 10000) in paragraph at lines 113--113
 \TU/lmr/m/n/13 In  
 []


Underfull \hbox (badness 10000) in paragraph at lines 114--114
 \TU/lmr/m/n/13 Vi  
 []


Underfull \hbox (badness 10000) in paragraph at lines 115--115
 \TU/lmr/m/n/13 Tr  
 []


Underfull \hbox (badness 10000) in paragraph at lines 116--116
 \TU/lmr/m/n/13 Pr  
 []


Underfull \hbox (badness 10000) in paragraph at lines 117--117
 \TU/lmr/m/n/13 Fu  
 []


Underfull \hbox (badness 10000) in paragraph at lines 118--118
 \TU/lmr/m/n/13 Or  
 []


Underfull \hbox (badness 10000) in paragraph at lines 119--119
 \TU/lmr/m/n/13 Ta  
 []


Underfull \hbox (badness 10000) in paragraph at lines 120--120
 \TU/lmr/m/n/13 Cấ  
 []


Underfull \hbox (badness 10000) in paragraph at lines 121--121
 \TU/lmr/m/n/13 In  
 []


Underfull \hbox (badness 10000) in paragraph at lines 122--122
 \TU/lmr/m/n/13 Vi  
 []


Underfull \hbox (badness 10000) in paragraph at lines 123--123
 \TU/lmr/m/n/13 Tr  
 []


Underfull \hbox (badness 10000) in paragraph at lines 124--124
 \TU/lmr/m/n/13 Pr  
 []


Underfull \hbox (badness 10000) in paragraph at lines 125--125
 \TU/lmr/m/n/13 Fu  
 []


Underfull \hbox (badness 10000) in paragraph at lines 126--126
 \TU/lmr/m/n/13 Ta  
 []


Underfull \hbox (badness 10000) in paragraph at lines 127--127
 \TU/lmr/m/n/13 Cấ  
 []


Underfull \hbox (badness 10000) in paragraph at lines 128--128
 \TU/lmr/m/n/13 In  
 []


Underfull \hbox (badness 10000) in paragraph at lines 129--129
 \TU/lmr/m/n/13 Vi  
 []

[5]
Underfull \hbox (badness 10000) in paragraph at lines 130--130
 \TU/lmr/m/n/13 Tr  
 []


Underfull \hbox (badness 10000) in paragraph at lines 131--131
 \TU/lmr/m/n/13 Pr  
 []


Underfull \hbox (badness 10000) in paragraph at lines 132--132
 \TU/lmr/m/n/13 Fu  
 []


Underfull \hbox (badness 10000) in paragraph at lines 133--133
 \TU/lmr/m/n/13 Tr  
 []


Underfull \hbox (badness 10000) in paragraph at lines 134--134
 \TU/lmr/m/n/13 Cấ  
 []


Underfull \hbox (badness 10000) in paragraph at lines 135--135
 \TU/lmr/m/n/13 In  
 []


Underfull \hbox (badness 10000) in paragraph at lines 136--136
 \TU/lmr/m/n/13 Vi  
 []


Underfull \hbox (badness 10000) in paragraph at lines 137--137
 \TU/lmr/m/n/13 Tr  
 []


Underfull \hbox (badness 10000) in paragraph at lines 138--138
 \TU/lmr/m/n/13 Pr  
 []


Underfull \hbox (badness 10000) in paragraph at lines 139--139
 \TU/lmr/m/n/13 Fu  
 []


Underfull \hbox (badness 10000) in paragraph at lines 140--140
 \TU/lmr/m/n/13 No  
 []


Underfull \hbox (badness 10000) in paragraph at lines 141--141
 \TU/lmr/m/n/13 Cấ  
 []


Underfull \hbox (badness 10000) in paragraph at lines 142--142
 \TU/lmr/m/n/13 In  
 []


Underfull \hbox (badness 10000) in paragraph at lines 143--143
 \TU/lmr/m/n/13 Vi  
 []


Underfull \hbox (badness 10000) in paragraph at lines 144--144
 \TU/lmr/m/n/13 Tr  
 []


Underfull \hbox (badness 10000) in paragraph at lines 145--145
 \TU/lmr/m/n/13 Sh  
 []


Underfull \hbox (badness 10000) in paragraph at lines 146--146
 \TU/lmr/m/n/13 Ta  
 []


Underfull \hbox (badness 10000) in paragraph at lines 147--147
 \TU/lmr/m/n/13 Cấ  
 []


Underfull \hbox (badness 10000) in paragraph at lines 148--148
 \TU/lmr/m/n/13 In  
 []


Underfull \hbox (badness 10000) in paragraph at lines 149--149
 \TU/lmr/m/n/13 Tr  
 []


Underfull \hbox (badness 10000) in paragraph at lines 150--150
 \TU/lmr/m/n/13 Ta  
 []


Underfull \hbox (badness 10000) in paragraph at lines 151--151
 \TU/lmr/m/n/13 Cấ  
 []


Underfull \hbox (badness 10000) in paragraph at lines 152--152
 \TU/lmr/m/n/13 In  
 []


Underfull \hbox (badness 10000) in paragraph at lines 153--153
 \TU/lmr/m/n/13 Tr  
 []


Underfull \hbox (badness 10000) in paragraph at lines 154--154
 \TU/lmr/m/n/13 Vi  
 []


Underfull \hbox (badness 10000) in paragraph at lines 155--155
 \TU/lmr/m/sc/13 Tr  
 []


Underfull \hbox (badness 10000) in paragraph at lines 156--156
 \TU/lmr/m/n/13 Ch  
 []


Underfull \hbox (badness 10000) in paragraph at lines 157--157
 \TU/lmr/m/n/13 Đă  
 []


Underfull \hbox (badness 10000) in paragraph at lines 158--158
 \TU/lmr/m/n/13 Gi  
 []


Underfull \hbox (badness 10000) in paragraph at lines 159--159
 \TU/lmr/m/n/13 Cà  
 []


Underfull \hbox (badness 10000) in paragraph at lines 160--160
 \TU/lmr/m/n/13 Câ  
 []


Underfull \hbox (badness 10000) in paragraph at lines 161--161
 \TU/lmr/m/n/13 Đă  
 []


Underfull \hbox (badness 10000) in paragraph at lines 162--162
 \TU/lmr/m/n/13 Gi  
 []


Underfull \hbox (badness 10000) in paragraph at lines 163--163
 \TU/lmr/m/n/13 Cà  
 []


Underfull \hbox (badness 10000) in paragraph at lines 164--164
 \TU/lmr/m/n/13 Câ  
 []

[6]
Underfull \hbox (badness 10000) in paragraph at lines 165--165
 \TU/lmr/m/n/13 Đă  
 []


Underfull \hbox (badness 10000) in paragraph at lines 166--166
 \TU/lmr/m/n/13 Gi  
 []


Underfull \hbox (badness 10000) in paragraph at lines 167--167
 \TU/lmr/m/n/13 Cà  
 []


Underfull \hbox (badness 10000) in paragraph at lines 168--168
 \TU/lmr/m/n/13 Câ  
 []


Underfull \hbox (badness 10000) in paragraph at lines 169--169
 \TU/lmr/m/n/13 Hi  
 []


Underfull \hbox (badness 10000) in paragraph at lines 170--170
 \TU/lmr/m/n/13 Gi  
 []


Underfull \hbox (badness 10000) in paragraph at lines 171--171
 \TU/lmr/m/n/13 Cà  
 []


Underfull \hbox (badness 10000) in paragraph at lines 172--172
 \TU/lmr/m/n/13 Câ  
 []


Underfull \hbox (badness 10000) in paragraph at lines 173--173
 \TU/lmr/m/n/13 Hi  
 []


Underfull \hbox (badness 10000) in paragraph at lines 174--174
 \TU/lmr/m/n/13 Gi  
 []


Underfull \hbox (badness 10000) in paragraph at lines 175--175
 \TU/lmr/m/n/13 Cà  
 []


Underfull \hbox (badness 10000) in paragraph at lines 176--176
 \TU/lmr/m/n/13 Câ  
 []


Underfull \hbox (badness 10000) in paragraph at lines 177--177
 \TU/lmr/m/n/13 Hi  
 []


Underfull \hbox (badness 10000) in paragraph at lines 178--178
 \TU/lmr/m/n/13 Gi  
 []


Underfull \hbox (badness 10000) in paragraph at lines 179--179
 \TU/lmr/m/n/13 Cà  
 []


Underfull \hbox (badness 10000) in paragraph at lines 180--180
 \TU/lmr/m/n/13 Câ  
 []


Underfull \hbox (badness 10000) in paragraph at lines 181--181
 \TU/lmr/m/n/13 Lọ  
 []


Underfull \hbox (badness 10000) in paragraph at lines 182--182
 \TU/lmr/m/n/13 Gi  
 []


Underfull \hbox (badness 10000) in paragraph at lines 183--183
 \TU/lmr/m/n/13 Cà  
 []


Underfull \hbox (badness 10000) in paragraph at lines 184--184
 \TU/lmr/m/n/13 Câ  
 []


Underfull \hbox (badness 10000) in paragraph at lines 185--185
 \TU/lmr/m/n/13 Ch  
 []


Underfull \hbox (badness 10000) in paragraph at lines 186--186
 \TU/lmr/m/n/13 Xe  
 []


Underfull \hbox (badness 10000) in paragraph at lines 187--187
 \TU/lmr/m/n/13 Gi  
 []


Underfull \hbox (badness 10000) in paragraph at lines 188--188
 \TU/lmr/m/n/13 Cà  
 []


Underfull \hbox (badness 10000) in paragraph at lines 189--189
 \TU/lmr/m/n/13 Câ  
 []


Underfull \hbox (badness 10000) in paragraph at lines 190--190
 \TU/lmr/m/n/13 Hi  
 []


Underfull \hbox (badness 10000) in paragraph at lines 191--191
 \TU/lmr/m/n/13 Gi  
 []


Underfull \hbox (badness 10000) in paragraph at lines 192--192
 \TU/lmr/m/n/13 Cà  
 []


Underfull \hbox (badness 10000) in paragraph at lines 193--193
 \TU/lmr/m/n/13 Câ  
 []


Underfull \hbox (badness 10000) in paragraph at lines 194--194
 \TU/lmr/m/n/13 Ch  
 []


Underfull \hbox (badness 10000) in paragraph at lines 195--195
 \TU/lmr/m/n/13 Hi  
 []


Underfull \hbox (badness 10000) in paragraph at lines 196--196
 \TU/lmr/m/n/13 Gi  
 []


Underfull \hbox (badness 10000) in paragraph at lines 197--197
 \TU/lmr/m/n/13 Cà  
 []


Underfull \hbox (badness 10000) in paragraph at lines 198--198
 \TU/lmr/m/n/13 Câ  
 []


Underfull \hbox (badness 10000) in paragraph at lines 199--199
 \TU/lmr/m/n/13 Hi  
 []

[7]
Underfull \hbox (badness 10000) in paragraph at lines 200--200
 \TU/lmr/m/n/13 Gi  
 []


Underfull \hbox (badness 10000) in paragraph at lines 201--201
 \TU/lmr/m/n/13 Cà  
 []


Underfull \hbox (badness 10000) in paragraph at lines 202--202
 \TU/lmr/m/n/13 Câ  
 []


Underfull \hbox (badness 10000) in paragraph at lines 203--203
 \TU/lmr/m/n/13 Tỉ  
 []


Underfull \hbox (badness 10000) in paragraph at lines 204--204
 \TU/lmr/m/n/13 Gi  
 []


Underfull \hbox (badness 10000) in paragraph at lines 205--205
 \TU/lmr/m/n/13 Cà  
 []


Underfull \hbox (badness 10000) in paragraph at lines 206--206
 \TU/lmr/m/n/13 Câ  
 []


Underfull \hbox (badness 10000) in paragraph at lines 207--207
 \TU/lmr/m/n/13 Gợ  
 []


Underfull \hbox (badness 10000) in paragraph at lines 208--208
 \TU/lmr/m/n/13 Gi  
 []


Underfull \hbox (badness 10000) in paragraph at lines 209--209
 \TU/lmr/m/n/13 Cà  
 []


Underfull \hbox (badness 10000) in paragraph at lines 210--210
 \TU/lmr/m/n/13 Câ  
 []


Underfull \hbox (badness 10000) in paragraph at lines 211--211
 \TU/lmr/m/n/13 Dự  
 []


Underfull \hbox (badness 10000) in paragraph at lines 212--212
 \TU/lmr/m/n/13 Gi  
 []


Underfull \hbox (badness 10000) in paragraph at lines 213--213
 \TU/lmr/m/n/13 Cà  
 []


Underfull \hbox (badness 10000) in paragraph at lines 214--214
 \TU/lmr/m/n/13 Câ  
 []


Underfull \hbox (badness 10000) in paragraph at lines 215--215
 \TU/lmr/m/n/13 Tă  
 []


Underfull \hbox (badness 10000) in paragraph at lines 216--216
 \TU/lmr/m/n/13 Gi  
 []


Underfull \hbox (badness 10000) in paragraph at lines 217--217
 \TU/lmr/m/n/13 Cà  
 []


Underfull \hbox (badness 10000) in paragraph at lines 218--218
 \TU/lmr/m/n/13 Câ  
 []


Underfull \hbox (badness 10000) in paragraph at lines 219--219
 \TU/lmr/m/n/13 Bi  
 []


Underfull \hbox (badness 10000) in paragraph at lines 220--220
 \TU/lmr/m/n/13 Gi  
 []


Underfull \hbox (badness 10000) in paragraph at lines 221--221
 \TU/lmr/m/n/13 Cà  
 []


Underfull \hbox (badness 10000) in paragraph at lines 222--222
 \TU/lmr/m/n/13 Câ  
 []


Underfull \hbox (badness 10000) in paragraph at lines 223--223
 \TU/lmr/m/n/13 Hi  
 []


Underfull \hbox (badness 10000) in paragraph at lines 224--224
 \TU/lmr/m/n/13 Gi  
 []


Underfull \hbox (badness 10000) in paragraph at lines 225--225
 \TU/lmr/m/n/13 Cà  
 []


Underfull \hbox (badness 10000) in paragraph at lines 226--226
 \TU/lmr/m/n/13 Câ  
 []


Underfull \hbox (badness 10000) in paragraph at lines 227--227
 \TU/lmr/m/n/13 Hi  
 []


Underfull \hbox (badness 10000) in paragraph at lines 228--228
 \TU/lmr/m/n/13 Gi  
 []


Underfull \hbox (badness 10000) in paragraph at lines 229--229
 \TU/lmr/m/n/13 Cà  
 []


Underfull \hbox (badness 10000) in paragraph at lines 230--230
 \TU/lmr/m/n/13 Câ  
 []


Underfull \hbox (badness 10000) in paragraph at lines 231--231
 \TU/lmr/m/n/13 Hi  
 []


Underfull \hbox (badness 10000) in paragraph at lines 232--232
 \TU/lmr/m/n/13 Gi  
 []


Underfull \hbox (badness 10000) in paragraph at lines 233--233
 \TU/lmr/m/n/13 Cà  
 []


Underfull \hbox (badness 10000) in paragraph at lines 234--234
 \TU/lmr/m/n/13 Câ  
 []

[8]
Underfull \hbox (badness 10000) in paragraph at lines 235--235
 \TU/lmr/m/n/13 Hi  
 []


Underfull \hbox (badness 10000) in paragraph at lines 236--236
 \TU/lmr/m/n/13 Gi  
 []


Underfull \hbox (badness 10000) in paragraph at lines 237--237
 \TU/lmr/m/n/13 Cà  
 []


Underfull \hbox (badness 10000) in paragraph at lines 238--238
 \TU/lmr/m/n/13 Câ  
 []


Underfull \hbox (badness 10000) in paragraph at lines 239--239
 \TU/lmr/m/n/13 Ch  
 []


Underfull \hbox (badness 10000) in paragraph at lines 240--240
 \TU/lmr/m/n/13 Hi  
 []


Underfull \hbox (badness 10000) in paragraph at lines 241--241
 \TU/lmr/m/n/13 Gi  
 []


Underfull \hbox (badness 10000) in paragraph at lines 242--242
 \TU/lmr/m/n/13 Cà  
 []


Underfull \hbox (badness 10000) in paragraph at lines 243--243
 \TU/lmr/m/n/13 Câ  
 []


Underfull \hbox (badness 10000) in paragraph at lines 244--244
 \TU/lmr/m/n/13 4.  
 []


Underfull \hbox (badness 10000) in paragraph at lines 245--245
 \TU/lmr/m/n/13 Gi  
 []


Underfull \hbox (badness 10000) in paragraph at lines 246--246
 \TU/lmr/m/n/13 Cà  
 []


Underfull \hbox (badness 10000) in paragraph at lines 247--247
 \TU/lmr/m/n/13 Câ  
 []


Underfull \hbox (badness 10000) in paragraph at lines 250--250
 \TU/lmr/m/sc/13 Co  
 []


Underfull \hbox (badness 10000) in paragraph at lines 251--251
 \TU/lmr/m/n/13 Đi  
 []


Underfull \hbox (badness 10000) in paragraph at lines 252--252
 \TU/lmr/m/n/13 Đi  
 []


Underfull \hbox (badness 10000) in paragraph at lines 253--253
 \TU/lmr/m/n/13 Kế  
 []


Underfull \hbox (badness 10000) in paragraph at lines 254--254
 \TU/lmr/m/sc/13 Kh  
 []

)
\tf@toc=\write9
\openout9 = `main.toc'.

 [9] (./main.lof
Underfull \hbox (badness 10000) in paragraph at lines 4--4
 \TU/lmr/m/n/13 Bi  
 []

)
\tf@lof=\write10
\openout10 = `main.lof'.

 [10


] (./main.lot)
\tf@lot=\write11
\openout11 = `main.lot'.


No file main.gls.
No file main.not.
(./frontmatter/opening.tex [11


]) [12] (./chapters/chapter1.tex
Chapter 1.
Package newfloat Info: Setting Plan B file extension to `lof'... on input line 7.
[1


] [2]) (./chapters/chapter2.tex [3]
Chapter 2.
[4


]
File: figures/erd.png Graphic file (type bmp)
<figures/erd.png>
 [5]) (./chapters/chapter3.tex
Overfull \hbox (61.41333pt too wide) in paragraph at lines 69--1
[][]\TU/lmr/m/n/13 Các bảng chính của hệ thống bao gồm: accounts, users, user_addresses, user_phone_numbers,
 []

[6]
Chapter 3.
Package microtype Info: Loading generic protrusion settings for font family
(microtype)             `lmtt' (encoding: TU).
(microtype)             For optimal results, create family-specific settings.
(microtype)             See the microtype manual for details.
[7


] [8] [9] [10] [11]
Overfull \hbox (40.18604pt too wide) in paragraph at lines 211--211
[][][]    \TU/lmtt/m/n/13 SET NEW.final_price = NEW.price * (1 - NEW.discount_percentage / 100);[] 
 []

[12] [13]
Overfull \vbox (55.29596pt too high) has occurred while \output is active []

 [14] [15] [16]
Overfull \hbox (6.711pt too wide) in paragraph at lines 371--371
[][][]        \TU/lmtt/m/n/13 total_quantity_sold = total_quantity_sold + NEW.quantity_sold[] 
 []


Overfull \hbox (6.711pt too wide) in paragraph at lines 387--387
[][][]        \TU/lmtt/m/n/13 total_quantity_sold = total_quantity_sold - OLD.quantity_sold[] 
 []

[17] [18] [19] [20] [21] [22] [23] [24] [25] [26] [27] [28] [29]
Overfull \hbox (997.57115pt too wide) in paragraph at lines 866--866
[][][]    \TU/lmtt/m/n/13 `status` enum('PENDING','ACCEPTED','CANCELLED_BY_CLIENT','CANCELLED_BY_SHIPPER','CANCELLED_BY_SELLER','SHIPPING','ARRIVED','PAID','RETURN_REQUEST_BY_CLIENT','RETURN_REQUEST_BY_SHIPPER','RETURNED','BOMB') NOT NULL,[] 
 []


Overfull \hbox (220.92503pt too wide) in paragraph at lines 880--880
[][][]    \TU/lmtt/m/n/13 CONSTRAINT `FKia12q7m9rrpxq1nku1ea4o9lr` FOREIGN KEY (`variant_id`) REFERENCES `variants` (`id`),[] 
 []


Overfull \hbox (194.15802pt too wide) in paragraph at lines 881--881
[][][]    \TU/lmtt/m/n/13 CONSTRAINT `FKojjigrbyd7qrcwrxvr7e9bdr2` FOREIGN KEY (`client_id`) REFERENCES `users` (`id`),[] 
 []


Overfull \hbox (187.45001pt too wide) in paragraph at lines 882--882
[][][]    \TU/lmtt/m/n/13 CONSTRAINT `FKsb9w6305d2be0rwbtifi7wymp` FOREIGN KEY (`seller_id`) REFERENCES `users` (`id`)[] 
 []


Overfull \hbox (890.45111pt too wide) in paragraph at lines 900--900
[][][] \TU/lmtt/m/n/13 SELECT id, created_at, thumbnail,product_name, variant_name, quantity, total_price, status, updated_at, shipping_ward, shipping_district, shipping_province, shipping_phone_number, client_id, seller_id[] 
 []

[30]
Overfull \hbox (33.49103pt too wide) in paragraph at lines 926--926
[][][]            \TU/lmtt/m/n/13 INSERT INTO order_tracking_locations(id, address, arrived_at,[] 
 []


Overfull \hbox (33.49106pt too wide) in paragraph at lines 927--927
[][][]            \TU/lmtt/m/n/13 create_at, deleted, remaining_distance, updated_at, order_id)[] 
 []


Overfull \hbox (26.79605pt too wide) in paragraph at lines 928--928
[][][]            \TU/lmtt/m/n/13 VALUES (UUID(), CONCAT(shipping_ward, ',',shipping_district,[] 
 []


Overfull \hbox (46.88113pt too wide) in paragraph at lines 929--929
[][][]            \TU/lmtt/m/n/13 ',' ,shipping_province), NOW(), NOW(), false, 0.000, NOW(), id)[] 
 []

[31]
Overfull \hbox (13.40596pt too wide) in paragraph at lines 953--953
[][][]    \TU/lmtt/m/n/13 CREATE PROCEDURE get_orders_by_client(IN p_client_id VARCHAR(255)) 
 []

[32]
Overfull \hbox (187.45003pt too wide) in paragraph at lines 980--980
[][][]    \TU/lmtt/m/n/13 CONSTRAINT `FK3wof50lvhiqf1kwe3427our99` FOREIGN KEY (`order_id`) REFERENCES `orders` (`id`)[] 
 []


Overfull \hbox (20.10095pt too wide) in paragraph at lines 987--987
[][][]    \TU/lmtt/m/n/13 CREATE INDEX idx_fk_order_id ON order_tracking_locations(order_id); 
 []


Overfull \hbox (1372.49121pt too wide) in paragraph at lines 994--994
[][][] \TU/lmtt/m/n/13 SELECT o.id, o.created_at, thumbnail ,product_name, variant_name, quantity, total_price, status, o.updated_at, shipping_ward, shipping_district, shipping_province, shipping_phone_number, client_id, seller_id, otl.id, address, arrived_at, remaining_distance, otl.updated_at[] 
 []


Overfull \hbox (87.051pt too wide) in paragraph at lines 1007--1007
[][][]        \TU/lmtt/m/n/13 INSERT INTO order_tracking_locations_update_log(id, order_id, updated_at)[] 
 []


Overfull \hbox (33.49101pt too wide) in paragraph at lines 1016--1016
[][][]            \TU/lmtt/m/n/13 INSERT INTO order_tracking_locations_delete_log(id, order_id,[] 
 []

[33] [34] [35] [36] [37] [38] [39]) (./chapters/chapter4_features.tex [40]
Chapter 4.
[41


]) [42]
Overfull \vbox (2443.42601pt too high) has occurred while \output is active []

 [43] (./main.bbl) [44



] (./chapters/appendixA.tex
Appendix A.
) (./chapters/appendixB.tex [45




]
Appendix B.
) (c:/texlive/2026/texmf-dist/tex/generic/stringenc/se-pdfdoc.def
File: se-pdfdoc.def 2019/11/29 v1.12 stringenc: PDFDocEncoding
) (c:/texlive/2026/texmf-dist/tex/generic/stringenc/se-utf32be.def
File: se-utf32be.def 2019/11/29 v1.12 stringenc: UTF-32BE
) [46


] (./main.aux)
 ***********
LaTeX2e <2025-11-01>
L3 programming layer <2026-03-20>
 ***********


LaTeX Font Warning: Size substitutions with differences
(Font)              up to 1.0pt have occurred.

Package rerunfilecheck Info: File `main.out' has not changed.
(rerunfilecheck)             Checksum: 197AF40EDD2007BF59AAB21CBFE568E1;47504.
 )
(\end occurred inside a group at level 2)

### semi simple group (level 2) entered at line 6 (\begingroup)
### semi simple group (level 1) entered at line 6 (\begingroup)
### bottom level 
Here is how much of TeX's memory you used:
 41278 strings out of 467992
 845816 string characters out of 5433178
 1490108 words of memory out of 5000000
 69464 multiletter control sequences out of 15000+600000
 632896 words of font info for 80 fonts, out of 8000000 for 9000
 1348 hyphenation exceptions out of 8191
 123i,34n,131p,2515b,34306s stack positions out of 10000i,1000n,20000p,200000b,200000s

Output written on main.pdf (60 pages).
