\BOOKMARK [0][-]{table.caption.2}{\376\377\000A\000b\000s\000t\000r\000a\000c\000t}{}% 1
\BOOKMARK [0][-]{chapter*.3}{\376\377\000L\000i\000s\000t\000\040\000o\000f\000\040\000F\000i\000g\000u\000r\000e\000s}{}% 2
\BOOKMARK [0][-]{chapter*.4}{\376\377\000L\000i\000s\000t\000\040\000o\000f\000\040\000T\000a\000b\000l\000e\000s}{}% 3
\BOOKMARK [0][-]{chapter.1}{\376\377\000G\000i\036\333\000i\000\040\000t\000h\000i\036\307\000u}{}% 4
\BOOKMARK [1][-]{section.1.1}{\376\377\000T\000h\000i\000s\000\040\000i\000s\000\040\000s\000e\000c\000t\000i\000o\000n\000\040\000o\000n\000e}{chapter.1}% 5
\BOOKMARK [1][-]{section.1.2}{\376\377\000T\000h\000i\000s\000\040\000i\000s\000\040\000s\000e\000c\000t\000i\000o\000n\000\040\000t\000w\000o}{chapter.1}% 6
\BOOKMARK [1][-]{section.1.3}{\376\377\000T\000h\000i\000s\000\040\000i\000s\000\040\000s\000e\000c\000t\000i\000o\000n\000\040\000t\000h\000r\000e\000e}{chapter.1}% 7
\BOOKMARK [0][-]{chapter.2}{\376\377\000C\000h\036\351\000c\000\040\000n\001\003\000n\000g}{}% 8
\BOOKMARK [1][-]{section.2.1}{\376\377\000C\000h\036\351\000c\000\040\000n\001\003\000n\000g\000\040\000q\000u\036\243\000n\000\040\000l\000\375\000\040\000s\036\243\000n\000\040\000p\000h\036\251\000m}{chapter.2}% 9
\BOOKMARK [1][-]{section.2.2}{\376\377\000C\000h\036\351\000c\000\040\000n\001\003\000n\000g\000\040\000q\000u\036\243\000n\000\040\000l\000\375\000\040\001\021\001\241\000n\000\040\000h\000\340\000n\000g}{chapter.2}% 10
\BOOKMARK [1][-]{section.2.3}{\376\377\000C\000h\036\351\000c\000\040\000n\001\003\000n\000g\000\040\000q\000u\036\243\000n\000\040\000l\000\375\000\040\000k\000h\000\341\000c\000h\000\040\000h\000\340\000n\000g}{chapter.2}% 11
\BOOKMARK [1][-]{section.2.4}{\376\377\000C\000h\036\351\000c\000\040\000n\001\003\000n\000g\000\040\000b\000\341\000o\000\040\000c\000\341\000o\000\040\000v\000\340\000\040\000p\000h\000\342\000n\000\040\000t\000\355\000c\000h}{chapter.2}% 12
\BOOKMARK [1][-]{section.2.5}{\376\377\000T\000h\000i\000s\000\040\000i\000s\000\040\000s\000e\000c\000t\000i\000o\000n\000\040\000o\000n\000e}{chapter.2}% 13
\BOOKMARK [1][-]{section.2.6}{\376\377\000T\000h\000i\000s\000\040\000i\000s\000\040\000s\000e\000c\000t\000i\000o\000n\000\040\000t\000w\000o}{chapter.2}% 14
\BOOKMARK [1][-]{section.2.7}{\376\377\000T\000h\000i\000s\000\040\000i\000s\000\040\000s\000e\000c\000t\000i\000o\000n\000\040\000t\000h\000r\000e\000e}{chapter.2}% 15
\BOOKMARK [0][-]{chapter.3}{\376\377\000T\000r\000i\036\303\000n\000\040\000k\000h\000a\000i\000\040\000d\036\361\000\040\000\341\000n}{}% 16
\BOOKMARK [1][-]{section.3.1}{\376\377\000M\000\364\000\040\000h\000\354\000n\000h\000\040\000E\000R\000\040\000c\036\347\000a\000\040\000h\036\307\000\040\000t\000h\036\321\000n\000g}{chapter.3}% 17
\BOOKMARK [1][-]{section.3.2}{\376\377\000M\000\364\000\040\000h\000\354\000n\000h\000\040\000q\000u\000a\000n\000\040\000h\036\307}{chapter.3}% 18
\BOOKMARK [1][-]{section.3.3}{\376\377\001\020\036\267\000c\000\040\000t\036\243\000\040\000d\036\357\000\040\000l\000i\036\307\000u}{chapter.3}% 19
\BOOKMARK [1][-]{section.3.4}{\376\377\000M\036\321\000i\000\040\000q\000u\000a\000n\000\040\000h\036\307\000\040\000g\000i\036\357\000a\000\040\000c\000\341\000c\000\040\000b\036\243\000n\000g}{chapter.3}% 20
\BOOKMARK [1][-]{section.3.5}{\376\377\000D\000a\000n\000h\000\040\000s\000\341\000c\000h\000\040\000c\000\341\000c\000\040\000r\000\340\000n\000g\000\040\000b\000u\036\331\000c\000\040\000d\036\357\000\040\000l\000i\036\307\000u}{chapter.3}% 21
\BOOKMARK [1][-]{section.3.6}{\376\377\000C\036\243\000i\000\040\001\021\036\267\000t\000\040\000v\036\255\000t\000\040\000l\000\375}{chapter.3}% 22
\BOOKMARK [1][-]{section.3.7}{\376\377\000C\000\341\000c\000\040\000r\000\340\000n\000g\000\040\000b\000u\036\331\000c\000\040\000s\036\355\000\040\000d\036\345\000n\000g\000\040\000c\000\341\000c\000\040\000c\000\342\000u\000\040\000l\036\307\000n\000h\000\040\000A\000L\000T\000E\000R\000\040\000T\000A\000B\000L\000E}{chapter.3}% 23
\BOOKMARK [1][-]{section.3.8}{\376\377\000V\000i\036\277\000t\000\040\000c\000\342\000u\000\040\000t\000r\000u\000y\000\040\000v\036\245\000n}{chapter.3}% 24
\BOOKMARK [1][-]{section.3.9}{\376\377\000H\000\340\000m}{chapter.3}% 25
\BOOKMARK [1][-]{section.3.10}{\376\377\000T\000r\000i\000g\000g\000e\000r}{chapter.3}% 26
\BOOKMARK [1][-]{section.3.11}{\376\377\000P\000r\000o\000c\000e\000d\000u\000r\000e}{chapter.3}% 27
\BOOKMARK [1][-]{section.3.12}{\376\377\000V\000i\000e\000w}{chapter.3}% 28
\BOOKMARK [1][-]{section.3.13}{\376\377\000I\000n\000d\000e\000x}{chapter.3}% 29
\BOOKMARK [1][-]{section.3.14}{\376\377\000T\000r\000a\000n\000s\000a\000c\000t\000i\000o\000n}{chapter.3}% 30
\BOOKMARK [0][-]{chapter*.9}{\376\377\000R\000e\000f\000e\000r\000e\000n\000c\000e\000s}{}% 31
\BOOKMARK [0][-]{section*.10}{\376\377\000A\000p\000p\000e\000n\000d\000i\000c\000e\000s}{}% 32
\BOOKMARK [0][-]{appendix.1.A}{\376\377\000C\000o\000n\000c\000l\000u\000s\000i\000o\000n}{}% 33
\BOOKMARK [1][-]{section.1.A.1}{\376\377\001\020\000i\036\303\000m\000\040\000m\036\241\000n\000h}{appendix.1.A}% 34
\BOOKMARK [1][-]{section.1.A.2}{\376\377\001\020\000i\036\303\000m\000\040\000y\036\277\000u}{appendix.1.A}% 35
\BOOKMARK [1][-]{section.1.A.3}{\376\377\000K\036\277\000t\000\040\000l\000u\036\255\000n\000\040\000C\000u\036\321\000i}{appendix.1.A}% 36
\BOOKMARK [0][-]{appendix.1.B}{\376\377\000K\000h\000u\000y\036\277\000n\000\040\000n\000g\000h\036\313\000\040\000v\000\340\000\040\000H\001\260\036\333\000n\000g\000\040\000p\000h\000\341\000t\000\040\000t\000r\000i\036\303\000n}{}% 37
